---------------------------------------------------------------
[ 2017-10-13T22:47:10+08:00 ] 127.0.0.1 127.0.0.1 GET /
[ info ] think.com/ [运行时间：2.853155s][吞吐率：0.35req/s] [内存消耗：2,355.37kb] [文件加载：54]
[ info ] [ LANG ] F:\www\thinkphp\thinkphp\lang\zh-cn.php
[ info ] [ ROUTE ] array (
  'type' => 'module',
  'module' => 
  array (
    0 => '',
    1 => NULL,
    2 => NULL,
  ),
)
[ info ] [ HEADER ] array (
  'accept-language' => 'zh-CN,zh;q=0.8,en;q=0.6',
  'accept-encoding' => 'gzip, deflate',
  'accept' => 'text/html,application/xhtml+xml,application/xml;q=0.9,image/webp,image/apng,*/*;q=0.8',
  'upgrade-insecure-requests' => '1',
  'user-agent' => 'Mozilla/5.0 (Windows NT 10.0; WOW64) AppleWebKit/537.36 (KHTML, like Gecko) Chrome/61.0.3163.100 Safari/537.36',
  'connection' => 'close',
  'host' => 'think.com',
)
[ info ] [ PARAM ] array (
)
[ info ] [ RUN ] app\index\controller\Index->index[ F:\www\thinkphp\application\index\controller\Index.php ]
[ info ] [ DB ] INIT mysql
[ info ] [ VIEW ] F:\www\thinkphp\public/../application/index\view\index\index.php [ array (
  0 => 'category',
  1 => 'news',
  2 => 'commend',
  3 => 'commend1',
  4 => 'more',
) ]
[ info ] [ SESSION ] INIT array (
  'id' => '',
  'var_session_id' => '',
  'prefix' => 'think',
  'type' => '',
  'auto_start' => true,
)
[ info ] [ LOG ] INIT File
[ sql ] [ DB ] CONNECT:[ UseTime:0.195441s ] mysql:host=127.0.0.1;dbname=shop;charset=utf8
[ sql ] [ SQL ] SHOW COLUMNS FROM `category` [ RunTime:0.268002s ]
[ sql ] [ SQL ] SELECT * FROM `category` WHERE  `pid` = 0  AND `id` > 1 [ RunTime:0.003658s ]
[ sql ] [ SQL ] SHOW COLUMNS FROM `goods` [ RunTime:0.064625s ]
[ sql ] [ SQL ] SELECT * FROM `goods` WHERE  `isnew` = 1 LIMIT 4 [ RunTime:0.004684s ]
[ sql ] [ SQL ] SELECT * FROM `goods` WHERE  `iscommend` = 1 LIMIT 4 [ RunTime:0.001616s ]
[ sql ] [ SQL ] SELECT * FROM `goods` WHERE  `iscommend` = 1 ORDER BY id desc LIMIT 3 [ RunTime:0.001779s ]
[ sql ] [ SQL ] SELECT * FROM `goods` ORDER BY create_time desc LIMIT 12 [ RunTime:0.003297s ]
---------------------------------------------------------------
[ 2017-10-13T22:47:11+08:00 ] 127.0.0.1 127.0.0.1 GET /static/home/css/toPay-f530269a25.page.css
[ info ] think.com/static/home/css/toPay-f530269a25.page.css [运行时间：0.470792s][吞吐率：2.12req/s] [内存消耗：1,251.91kb] [文件加载：41]
[ info ] [ LANG ] F:\www\thinkphp\thinkphp\lang\zh-cn.php
[ info ] [ ROUTE ] array (
  'type' => 'module',
  'module' => 
  array (
    0 => 'static',
    1 => 'home',
    2 => 'css',
  ),
)
[ info ] [ HEADER ] array (
  'cookie' => 'PHPSESSID=j00tg7aniku21rovi7vg016st7',
  'accept-language' => 'zh-CN,zh;q=0.8,en;q=0.6',
  'accept-encoding' => 'gzip, deflate',
  'referer' => 'http://think.com/',
  'accept' => 'text/css,*/*;q=0.1',
  'user-agent' => 'Mozilla/5.0 (Windows NT 10.0; WOW64) AppleWebKit/537.36 (KHTML, like Gecko) Chrome/61.0.3163.100 Safari/537.36',
  'connection' => 'close',
  'host' => 'think.com',
)
[ info ] [ PARAM ] array (
)
[ info ] [ LOG ] INIT File
---------------------------------------------------------------
[ 2017-10-13T22:47:11+08:00 ] 127.0.0.1 127.0.0.1 GET /static/home/css/toPay-7cbe21654f.css
[ info ] think.com/static/home/css/toPay-7cbe21654f.css [运行时间：0.100328s][吞吐率：9.97req/s] [内存消耗：1,251.89kb] [文件加载：41]
[ info ] [ LANG ] F:\www\thinkphp\thinkphp\lang\zh-cn.php
[ info ] [ ROUTE ] array (
  'type' => 'module',
  'module' => 
  array (
    0 => 'static',
    1 => 'home',
    2 => 'css',
  ),
)
[ info ] [ HEADER ] array (
  'cookie' => 'PHPSESSID=j00tg7aniku21rovi7vg016st7',
  'accept-language' => 'zh-CN,zh;q=0.8,en;q=0.6',
  'accept-encoding' => 'gzip, deflate',
  'referer' => 'http://think.com/',
  'accept' => 'text/css,*/*;q=0.1',
  'user-agent' => 'Mozilla/5.0 (Windows NT 10.0; WOW64) AppleWebKit/537.36 (KHTML, like Gecko) Chrome/61.0.3163.100 Safari/537.36',
  'connection' => 'close',
  'host' => 'think.com',
)
[ info ] [ PARAM ] array (
)
[ info ] [ LOG ] INIT File
---------------------------------------------------------------
[ 2017-10-13T22:47:12+08:00 ] 127.0.0.1 127.0.0.1 GET /static/home/yanxuan.nosdn.127.nethxm/yanxuan-component/p/20170601/js/dist/yxComponent.all.min.css-v=1505963072142.css
[ info ] think.com/static/home/yanxuan.nosdn.127.nethxm/yanxuan-component/p/20170601/js/dist/yxComponent.all.min.css-v=1505963072142.css [运行时间：0.069448s][吞吐率：14.40req/s] [内存消耗：1,253.01kb] [文件加载：41]
[ info ] [ LANG ] F:\www\thinkphp\thinkphp\lang\zh-cn.php
[ info ] [ ROUTE ] array (
  'type' => 'module',
  'module' => 
  array (
    0 => 'static',
    1 => 'home',
    2 => 'yanxuan.nosdn.127.nethxm',
  ),
)
[ info ] [ HEADER ] array (
  'cookie' => 'PHPSESSID=j00tg7aniku21rovi7vg016st7',
  'accept-language' => 'zh-CN,zh;q=0.8,en;q=0.6',
  'accept-encoding' => 'gzip, deflate',
  'referer' => 'http://think.com/',
  'accept' => 'text/css,*/*;q=0.1',
  'user-agent' => 'Mozilla/5.0 (Windows NT 10.0; WOW64) AppleWebKit/537.36 (KHTML, like Gecko) Chrome/61.0.3163.100 Safari/537.36',
  'connection' => 'close',
  'host' => 'think.com',
)
[ info ] [ PARAM ] array (
  'component' => 'p',
  0 => 'js',
  'dist' => 'yxComponent.all.min.css-v=1505963072142.css',
)
[ info ] [ LOG ] INIT File
---------------------------------------------------------------
[ 2017-10-13T22:47:12+08:00 ] 127.0.0.1 127.0.0.1 GET /static/home/js/theme/default/layer.css?v=3.1.0
[ info ] think.com/static/home/js/theme/default/layer.css?v=3.1.0 [运行时间：0.064044s][吞吐率：15.61req/s] [内存消耗：1,252.65kb] [文件加载：41]
[ info ] [ LANG ] F:\www\thinkphp\thinkphp\lang\zh-cn.php
[ info ] [ ROUTE ] array (
  'type' => 'module',
  'module' => 
  array (
    0 => 'static',
    1 => 'home',
    2 => 'js',
  ),
)
[ info ] [ HEADER ] array (
  'cookie' => 'PHPSESSID=j00tg7aniku21rovi7vg016st7',
  'accept-language' => 'zh-CN,zh;q=0.8,en;q=0.6',
  'accept-encoding' => 'gzip, deflate',
  'referer' => 'http://think.com/',
  'accept' => 'text/css,*/*;q=0.1',
  'user-agent' => 'Mozilla/5.0 (Windows NT 10.0; WOW64) AppleWebKit/537.36 (KHTML, like Gecko) Chrome/61.0.3163.100 Safari/537.36',
  'connection' => 'close',
  'host' => 'think.com',
)
[ info ] [ PARAM ] array (
  'v' => '3.1.0',
  'theme' => 'default',
)
[ info ] [ LOG ] INIT File
---------------------------------------------------------------
[ 2017-10-13T22:47:12+08:00 ] 127.0.0.1 127.0.0.1 GET /static/home/css/toPay-f530269a25.page.css
[ info ] think.com/static/home/css/toPay-f530269a25.page.css [运行时间：0.068628s][吞吐率：14.57req/s] [内存消耗：1,251.91kb] [文件加载：41]
[ info ] [ LANG ] F:\www\thinkphp\thinkphp\lang\zh-cn.php
[ info ] [ ROUTE ] array (
  'type' => 'module',
  'module' => 
  array (
    0 => 'static',
    1 => 'home',
    2 => 'css',
  ),
)
[ info ] [ HEADER ] array (
  'cookie' => 'PHPSESSID=j00tg7aniku21rovi7vg016st7',
  'accept-language' => 'zh-CN,zh;q=0.8,en;q=0.6',
  'accept-encoding' => 'gzip, deflate',
  'referer' => 'http://think.com/',
  'accept' => 'text/css,*/*;q=0.1',
  'user-agent' => 'Mozilla/5.0 (Windows NT 10.0; WOW64) AppleWebKit/537.36 (KHTML, like Gecko) Chrome/61.0.3163.100 Safari/537.36',
  'connection' => 'close',
  'host' => 'think.com',
)
[ info ] [ PARAM ] array (
)
[ info ] [ LOG ] INIT File
---------------------------------------------------------------
[ 2017-10-13T22:47:13+08:00 ] 127.0.0.1 127.0.0.1 GET /static/home/css/toPay-7cbe21654f.css
[ info ] think.com/static/home/css/toPay-7cbe21654f.css [运行时间：0.057727s][吞吐率：17.32req/s] [内存消耗：1,251.89kb] [文件加载：41]
[ info ] [ LANG ] F:\www\thinkphp\thinkphp\lang\zh-cn.php
[ info ] [ ROUTE ] array (
  'type' => 'module',
  'module' => 
  array (
    0 => 'static',
    1 => 'home',
    2 => 'css',
  ),
)
[ info ] [ HEADER ] array (
  'cookie' => 'PHPSESSID=j00tg7aniku21rovi7vg016st7',
  'accept-language' => 'zh-CN,zh;q=0.8,en;q=0.6',
  'accept-encoding' => 'gzip, deflate',
  'referer' => 'http://think.com/',
  'accept' => 'text/css,*/*;q=0.1',
  'user-agent' => 'Mozilla/5.0 (Windows NT 10.0; WOW64) AppleWebKit/537.36 (KHTML, like Gecko) Chrome/61.0.3163.100 Safari/537.36',
  'connection' => 'close',
  'host' => 'think.com',
)
[ info ] [ PARAM ] array (
)
[ info ] [ LOG ] INIT File
---------------------------------------------------------------
[ 2017-10-13T22:47:14+08:00 ] 127.0.0.1 127.0.0.1 GET /static/home/yanxuan.nosdn.127.net/1769a954d4d5c7a6b25da57f15fc5a1d.png
[ info ] think.com/static/home/yanxuan.nosdn.127.net/1769a954d4d5c7a6b25da57f15fc5a1d.png [运行时间：0.062359s][吞吐率：16.04req/s] [内存消耗：1,252.49kb] [文件加载：41]
[ info ] [ LANG ] F:\www\thinkphp\thinkphp\lang\zh-cn.php
[ info ] [ ROUTE ] array (
  'type' => 'module',
  'module' => 
  array (
    0 => 'static',
    1 => 'home',
    2 => 'yanxuan.nosdn.127.net',
  ),
)
[ info ] [ HEADER ] array (
  'cookie' => 'PHPSESSID=j00tg7aniku21rovi7vg016st7',
  'accept-language' => 'zh-CN,zh;q=0.8,en;q=0.6',
  'accept-encoding' => 'gzip, deflate',
  'referer' => 'http://think.com/static/home/mimg.127.net/hxm/yanxuan-web/p/20150730/style/css/style-12909ab9ae.css',
  'accept' => 'image/webp,image/apng,image/*,*/*;q=0.8',
  'user-agent' => 'Mozilla/5.0 (Windows NT 10.0; WOW64) AppleWebKit/537.36 (KHTML, like Gecko) Chrome/61.0.3163.100 Safari/537.36',
  'connection' => 'close',
  'host' => 'think.com',
)
[ info ] [ PARAM ] array (
)
[ info ] [ LOG ] INIT File
---------------------------------------------------------------
[ 2017-10-13T22:47:15+08:00 ] 127.0.0.1 127.0.0.1 GET /lists/2
[ info ] think.com/lists/2 [运行时间：0.648664s][吞吐率：1.54req/s] [内存消耗：2,414.09kb] [文件加载：56]
[ info ] [ LANG ] F:\www\thinkphp\thinkphp\lang\zh-cn.php
[ info ] [ ROUTE ] array (
  'type' => 'module',
  'module' => 
  array (
    0 => 'index',
    1 => 'Index',
    2 => 'lists',
  ),
  'convert' => false,
)
[ info ] [ HEADER ] array (
  'cookie' => 'PHPSESSID=j00tg7aniku21rovi7vg016st7',
  'accept-language' => 'zh-CN,zh;q=0.8,en;q=0.6',
  'accept-encoding' => 'gzip, deflate',
  'referer' => 'http://think.com/',
  'accept' => 'text/html,application/xhtml+xml,application/xml;q=0.9,image/webp,image/apng,*/*;q=0.8',
  'user-agent' => 'Mozilla/5.0 (Windows NT 10.0; WOW64) AppleWebKit/537.36 (KHTML, like Gecko) Chrome/61.0.3163.100 Safari/537.36',
  'upgrade-insecure-requests' => '1',
  'connection' => 'close',
  'host' => 'think.com',
)
[ info ] [ PARAM ] array (
  'id' => '2',
)
[ info ] [ RUN ] app\index\controller\Index->lists[ F:\www\thinkphp\application\index\controller\Index.php ]
[ info ] [ DB ] INIT mysql
[ info ] [ VIEW ] F:\www\thinkphp\public/../application/index\view\index\lists.php [ array (
  0 => 'category',
  1 => 'name',
  2 => 'goodsInfo',
) ]
[ info ] [ SESSION ] INIT array (
  'id' => '',
  'var_session_id' => '',
  'prefix' => 'think',
  'type' => '',
  'auto_start' => true,
)
[ info ] [ LOG ] INIT File
[ sql ] [ DB ] CONNECT:[ UseTime:0.007467s ] mysql:host=127.0.0.1;dbname=shop;charset=utf8
[ sql ] [ SQL ] SHOW COLUMNS FROM `category` [ RunTime:0.057720s ]
[ sql ] [ SQL ] SELECT * FROM `category` WHERE  `pid` = 0  AND `id` > 1 [ RunTime:0.001751s ]
[ sql ] [ SQL ] SELECT * FROM `category` WHERE  `id` = 2 LIMIT 1 [ RunTime:0.030080s ]
[ sql ] [ SQL ] SHOW COLUMNS FROM `goods` [ RunTime:0.058887s ]
[ sql ] [ SQL ] SELECT * FROM `goods` WHERE  `category_id` = 2 [ RunTime:0.001631s ]
---------------------------------------------------------------
[ 2017-10-13T22:47:16+08:00 ] 127.0.0.1 127.0.0.1 GET /static/home/yanxuan.nosdn.127.nethxm/yanxuan-component/p/20170601/js/dist/yxComponent.all.min.css-v=1505963072142.css
[ info ] think.com/static/home/yanxuan.nosdn.127.nethxm/yanxuan-component/p/20170601/js/dist/yxComponent.all.min.css-v=1505963072142.css [运行时间：0.077704s][吞吐率：12.87req/s] [内存消耗：1,253.02kb] [文件加载：41]
[ info ] [ LANG ] F:\www\thinkphp\thinkphp\lang\zh-cn.php
[ info ] [ ROUTE ] array (
  'type' => 'module',
  'module' => 
  array (
    0 => 'static',
    1 => 'home',
    2 => 'yanxuan.nosdn.127.nethxm',
  ),
)
[ info ] [ HEADER ] array (
  'cookie' => 'PHPSESSID=j00tg7aniku21rovi7vg016st7',
  'accept-language' => 'zh-CN,zh;q=0.8,en;q=0.6',
  'accept-encoding' => 'gzip, deflate',
  'referer' => 'http://think.com/lists/2',
  'accept' => 'text/css,*/*;q=0.1',
  'user-agent' => 'Mozilla/5.0 (Windows NT 10.0; WOW64) AppleWebKit/537.36 (KHTML, like Gecko) Chrome/61.0.3163.100 Safari/537.36',
  'connection' => 'close',
  'host' => 'think.com',
)
[ info ] [ PARAM ] array (
  'component' => 'p',
  0 => 'js',
  'dist' => 'yxComponent.all.min.css-v=1505963072142.css',
)
[ info ] [ LOG ] INIT File
---------------------------------------------------------------
[ 2017-10-13T22:47:16+08:00 ] 127.0.0.1 127.0.0.1 GET /static/home/css/toPay-f530269a25.page.css
[ info ] think.com/static/home/css/toPay-f530269a25.page.css [运行时间：0.080100s][吞吐率：12.48req/s] [内存消耗：1,251.91kb] [文件加载：41]
[ info ] [ LANG ] F:\www\thinkphp\thinkphp\lang\zh-cn.php
[ info ] [ ROUTE ] array (
  'type' => 'module',
  'module' => 
  array (
    0 => 'static',
    1 => 'home',
    2 => 'css',
  ),
)
[ info ] [ HEADER ] array (
  'cookie' => 'PHPSESSID=j00tg7aniku21rovi7vg016st7',
  'accept-language' => 'zh-CN,zh;q=0.8,en;q=0.6',
  'accept-encoding' => 'gzip, deflate',
  'referer' => 'http://think.com/lists/2',
  'accept' => 'text/css,*/*;q=0.1',
  'user-agent' => 'Mozilla/5.0 (Windows NT 10.0; WOW64) AppleWebKit/537.36 (KHTML, like Gecko) Chrome/61.0.3163.100 Safari/537.36',
  'connection' => 'close',
  'host' => 'think.com',
)
[ info ] [ PARAM ] array (
)
[ info ] [ LOG ] INIT File
---------------------------------------------------------------
[ 2017-10-13T22:47:16+08:00 ] 127.0.0.1 127.0.0.1 GET /static/home/js/theme/default/layer.css?v=3.1.0
[ info ] think.com/static/home/js/theme/default/layer.css?v=3.1.0 [运行时间：0.059472s][吞吐率：16.81req/s] [内存消耗：1,252.66kb] [文件加载：41]
[ info ] [ LANG ] F:\www\thinkphp\thinkphp\lang\zh-cn.php
[ info ] [ ROUTE ] array (
  'type' => 'module',
  'module' => 
  array (
    0 => 'static',
    1 => 'home',
    2 => 'js',
  ),
)
[ info ] [ HEADER ] array (
  'cookie' => 'PHPSESSID=j00tg7aniku21rovi7vg016st7',
  'accept-language' => 'zh-CN,zh;q=0.8,en;q=0.6',
  'accept-encoding' => 'gzip, deflate',
  'referer' => 'http://think.com/lists/2',
  'accept' => 'text/css,*/*;q=0.1',
  'user-agent' => 'Mozilla/5.0 (Windows NT 10.0; WOW64) AppleWebKit/537.36 (KHTML, like Gecko) Chrome/61.0.3163.100 Safari/537.36',
  'connection' => 'close',
  'host' => 'think.com',
)
[ info ] [ PARAM ] array (
  'v' => '3.1.0',
  'theme' => 'default',
)
[ info ] [ LOG ] INIT File
---------------------------------------------------------------
[ 2017-10-13T22:47:16+08:00 ] 127.0.0.1 127.0.0.1 GET /static/home/css/toPay-f530269a25.page.css
[ info ] think.com/static/home/css/toPay-f530269a25.page.css [运行时间：0.060893s][吞吐率：16.42req/s] [内存消耗：1,251.91kb] [文件加载：41]
[ info ] [ LANG ] F:\www\thinkphp\thinkphp\lang\zh-cn.php
[ info ] [ ROUTE ] array (
  'type' => 'module',
  'module' => 
  array (
    0 => 'static',
    1 => 'home',
    2 => 'css',
  ),
)
[ info ] [ HEADER ] array (
  'cookie' => 'PHPSESSID=j00tg7aniku21rovi7vg016st7',
  'accept-language' => 'zh-CN,zh;q=0.8,en;q=0.6',
  'accept-encoding' => 'gzip, deflate',
  'referer' => 'http://think.com/lists/2',
  'accept' => 'text/css,*/*;q=0.1',
  'user-agent' => 'Mozilla/5.0 (Windows NT 10.0; WOW64) AppleWebKit/537.36 (KHTML, like Gecko) Chrome/61.0.3163.100 Safari/537.36',
  'connection' => 'close',
  'host' => 'think.com',
)
[ info ] [ PARAM ] array (
)
[ info ] [ LOG ] INIT File
---------------------------------------------------------------
[ 2017-10-13T22:47:17+08:00 ] 127.0.0.1 127.0.0.1 GET /static/home/css/toPay-7cbe21654f.css
[ info ] think.com/static/home/css/toPay-7cbe21654f.css [运行时间：0.101816s][吞吐率：9.82req/s] [内存消耗：1,251.90kb] [文件加载：41]
[ info ] [ LANG ] F:\www\thinkphp\thinkphp\lang\zh-cn.php
[ info ] [ ROUTE ] array (
  'type' => 'module',
  'module' => 
  array (
    0 => 'static',
    1 => 'home',
    2 => 'css',
  ),
)
[ info ] [ HEADER ] array (
  'cookie' => 'PHPSESSID=j00tg7aniku21rovi7vg016st7',
  'accept-language' => 'zh-CN,zh;q=0.8,en;q=0.6',
  'accept-encoding' => 'gzip, deflate',
  'referer' => 'http://think.com/lists/2',
  'accept' => 'text/css,*/*;q=0.1',
  'user-agent' => 'Mozilla/5.0 (Windows NT 10.0; WOW64) AppleWebKit/537.36 (KHTML, like Gecko) Chrome/61.0.3163.100 Safari/537.36',
  'connection' => 'close',
  'host' => 'think.com',
)
[ info ] [ PARAM ] array (
)
[ info ] [ LOG ] INIT File
---------------------------------------------------------------
[ 2017-10-13T22:47:17+08:00 ] 127.0.0.1 127.0.0.1 GET /static/home/yanxuan.nosdn.127.net/1769a954d4d5c7a6b25da57f15fc5a1d.png
[ info ] think.com/static/home/yanxuan.nosdn.127.net/1769a954d4d5c7a6b25da57f15fc5a1d.png [运行时间：0.081861s][吞吐率：12.22req/s] [内存消耗：1,252.49kb] [文件加载：41]
[ info ] [ LANG ] F:\www\thinkphp\thinkphp\lang\zh-cn.php
[ info ] [ ROUTE ] array (
  'type' => 'module',
  'module' => 
  array (
    0 => 'static',
    1 => 'home',
    2 => 'yanxuan.nosdn.127.net',
  ),
)
[ info ] [ HEADER ] array (
  'cookie' => 'PHPSESSID=j00tg7aniku21rovi7vg016st7',
  'accept-language' => 'zh-CN,zh;q=0.8,en;q=0.6',
  'accept-encoding' => 'gzip, deflate',
  'referer' => 'http://think.com/static/home/mimg.127.net/hxm/yanxuan-web/p/20150730/style/css/style-12909ab9ae.css',
  'accept' => 'image/webp,image/apng,image/*,*/*;q=0.8',
  'user-agent' => 'Mozilla/5.0 (Windows NT 10.0; WOW64) AppleWebKit/537.36 (KHTML, like Gecko) Chrome/61.0.3163.100 Safari/537.36',
  'connection' => 'close',
  'host' => 'think.com',
)
[ info ] [ PARAM ] array (
)
[ info ] [ LOG ] INIT File
---------------------------------------------------------------
[ 2017-10-13T22:47:30+08:00 ] 127.0.0.1 127.0.0.1 GET /mycart/lists
[ info ] think.com/mycart/lists [运行时间：0.567473s][吞吐率：1.76req/s] [内存消耗：2,293.18kb] [文件加载：56]
[ info ] [ LANG ] F:\www\thinkphp\thinkphp\lang\zh-cn.php
[ info ] [ ROUTE ] array (
  'type' => 'module',
  'module' => 
  array (
    0 => 'index',
    1 => 'Mycart',
    2 => 'lists',
  ),
  'convert' => false,
)
[ info ] [ HEADER ] array (
  'cookie' => 'PHPSESSID=j00tg7aniku21rovi7vg016st7',
  'accept-language' => 'zh-CN,zh;q=0.8,en;q=0.6',
  'accept-encoding' => 'gzip, deflate',
  'referer' => 'http://think.com/lists/2',
  'accept' => 'text/html,application/xhtml+xml,application/xml;q=0.9,image/webp,image/apng,*/*;q=0.8',
  'user-agent' => 'Mozilla/5.0 (Windows NT 10.0; WOW64) AppleWebKit/537.36 (KHTML, like Gecko) Chrome/61.0.3163.100 Safari/537.36',
  'upgrade-insecure-requests' => '1',
  'connection' => 'close',
  'host' => 'think.com',
)
[ info ] [ PARAM ] array (
)
[ info ] [ RUN ] app\index\controller\Mycart->lists[ F:\www\thinkphp\application\index\controller\Mycart.php ]
[ info ] [ DB ] INIT mysql
[ info ] [ SESSION ] INIT array (
  'id' => '',
  'var_session_id' => '',
  'prefix' => 'think',
  'type' => '',
  'auto_start' => true,
)
[ info ] [ VIEW ] F:\www\thinkphp\public/../application/index\view\mycart\lists.php [ array (
  0 => 'category',
  1 => 'data',
  2 => 'da',
  3 => 'num',
) ]
[ info ] [ LOG ] INIT File
[ sql ] [ DB ] CONNECT:[ UseTime:0.020688s ] mysql:host=127.0.0.1;dbname=shop;charset=utf8
[ sql ] [ SQL ] SHOW COLUMNS FROM `category` [ RunTime:0.049468s ]
[ sql ] [ SQL ] SELECT * FROM `category` WHERE  `pid` = 0  AND `id` > 1 [ RunTime:0.001734s ]
---------------------------------------------------------------
[ 2017-10-13T22:47:30+08:00 ] 127.0.0.1 127.0.0.1 GET /static/home/yanxuan.nosdn.127.nethxm/yanxuan-component/p/20170601/js/dist/yxComponent.all.min.css-v=1505963072142.css
[ info ] think.com/static/home/yanxuan.nosdn.127.nethxm/yanxuan-component/p/20170601/js/dist/yxComponent.all.min.css-v=1505963072142.css [运行时间：0.073271s][吞吐率：13.65req/s] [内存消耗：1,253.08kb] [文件加载：41]
[ info ] [ LANG ] F:\www\thinkphp\thinkphp\lang\zh-cn.php
[ info ] [ ROUTE ] array (
  'type' => 'module',
  'module' => 
  array (
    0 => 'static',
    1 => 'home',
    2 => 'yanxuan.nosdn.127.nethxm',
  ),
)
[ info ] [ HEADER ] array (
  'cookie' => 'PHPSESSID=j00tg7aniku21rovi7vg016st7',
  'accept-language' => 'zh-CN,zh;q=0.8,en;q=0.6',
  'accept-encoding' => 'gzip, deflate',
  'referer' => 'http://think.com/mycart/lists',
  'accept' => 'text/css,*/*;q=0.1',
  'user-agent' => 'Mozilla/5.0 (Windows NT 10.0; WOW64) AppleWebKit/537.36 (KHTML, like Gecko) Chrome/61.0.3163.100 Safari/537.36',
  'connection' => 'close',
  'host' => 'think.com',
)
[ info ] [ PARAM ] array (
  'component' => 'p',
  0 => 'js',
  'dist' => 'yxComponent.all.min.css-v=1505963072142.css',
)
[ info ] [ LOG ] INIT File
---------------------------------------------------------------
[ 2017-10-13T22:47:30+08:00 ] 127.0.0.1 127.0.0.1 GET /static/home/css/toPay-f530269a25.page.css
[ info ] think.com/static/home/css/toPay-f530269a25.page.css [运行时间：0.075913s][吞吐率：13.17req/s] [内存消耗：1,251.98kb] [文件加载：41]
[ info ] [ LANG ] F:\www\thinkphp\thinkphp\lang\zh-cn.php
[ info ] [ ROUTE ] array (
  'type' => 'module',
  'module' => 
  array (
    0 => 'static',
    1 => 'home',
    2 => 'css',
  ),
)
[ info ] [ HEADER ] array (
  'cookie' => 'PHPSESSID=j00tg7aniku21rovi7vg016st7',
  'accept-language' => 'zh-CN,zh;q=0.8,en;q=0.6',
  'accept-encoding' => 'gzip, deflate',
  'referer' => 'http://think.com/mycart/lists',
  'accept' => 'text/css,*/*;q=0.1',
  'user-agent' => 'Mozilla/5.0 (Windows NT 10.0; WOW64) AppleWebKit/537.36 (KHTML, like Gecko) Chrome/61.0.3163.100 Safari/537.36',
  'connection' => 'close',
  'host' => 'think.com',
)
[ info ] [ PARAM ] array (
)
[ info ] [ LOG ] INIT File
---------------------------------------------------------------
[ 2017-10-13T22:47:31+08:00 ] 127.0.0.1 127.0.0.1 GET /static/home/js/theme/default/layer.css?v=3.1.0
[ info ] think.com/static/home/js/theme/default/layer.css?v=3.1.0 [运行时间：0.064864s][吞吐率：15.42req/s] [内存消耗：1,252.72kb] [文件加载：41]
[ info ] [ LANG ] F:\www\thinkphp\thinkphp\lang\zh-cn.php
[ info ] [ ROUTE ] array (
  'type' => 'module',
  'module' => 
  array (
    0 => 'static',
    1 => 'home',
    2 => 'js',
  ),
)
[ info ] [ HEADER ] array (
  'cookie' => 'PHPSESSID=j00tg7aniku21rovi7vg016st7',
  'accept-language' => 'zh-CN,zh;q=0.8,en;q=0.6',
  'accept-encoding' => 'gzip, deflate',
  'referer' => 'http://think.com/mycart/lists',
  'accept' => 'text/css,*/*;q=0.1',
  'user-agent' => 'Mozilla/5.0 (Windows NT 10.0; WOW64) AppleWebKit/537.36 (KHTML, like Gecko) Chrome/61.0.3163.100 Safari/537.36',
  'connection' => 'close',
  'host' => 'think.com',
)
[ info ] [ PARAM ] array (
  'v' => '3.1.0',
  'theme' => 'default',
)
[ info ] [ LOG ] INIT File
---------------------------------------------------------------
[ 2017-10-13T22:47:31+08:00 ] 127.0.0.1 127.0.0.1 GET /static/home/css/toPay-f530269a25.page.css
[ info ] think.com/static/home/css/toPay-f530269a25.page.css [运行时间：0.068270s][吞吐率：14.65req/s] [内存消耗：1,251.98kb] [文件加载：41]
[ info ] [ LANG ] F:\www\thinkphp\thinkphp\lang\zh-cn.php
[ info ] [ ROUTE ] array (
  'type' => 'module',
  'module' => 
  array (
    0 => 'static',
    1 => 'home',
    2 => 'css',
  ),
)
[ info ] [ HEADER ] array (
  'cookie' => 'PHPSESSID=j00tg7aniku21rovi7vg016st7',
  'accept-language' => 'zh-CN,zh;q=0.8,en;q=0.6',
  'accept-encoding' => 'gzip, deflate',
  'referer' => 'http://think.com/mycart/lists',
  'accept' => 'text/css,*/*;q=0.1',
  'user-agent' => 'Mozilla/5.0 (Windows NT 10.0; WOW64) AppleWebKit/537.36 (KHTML, like Gecko) Chrome/61.0.3163.100 Safari/537.36',
  'connection' => 'close',
  'host' => 'think.com',
)
[ info ] [ PARAM ] array (
)
[ info ] [ LOG ] INIT File
---------------------------------------------------------------
[ 2017-10-13T22:47:31+08:00 ] 127.0.0.1 127.0.0.1 GET /static/home/css/toPay-7cbe21654f.css
[ info ] think.com/static/home/css/toPay-7cbe21654f.css [运行时间：0.086491s][吞吐率：11.56req/s] [内存消耗：1,251.96kb] [文件加载：41]
[ info ] [ LANG ] F:\www\thinkphp\thinkphp\lang\zh-cn.php
[ info ] [ ROUTE ] array (
  'type' => 'module',
  'module' => 
  array (
    0 => 'static',
    1 => 'home',
    2 => 'css',
  ),
)
[ info ] [ HEADER ] array (
  'cookie' => 'PHPSESSID=j00tg7aniku21rovi7vg016st7',
  'accept-language' => 'zh-CN,zh;q=0.8,en;q=0.6',
  'accept-encoding' => 'gzip, deflate',
  'referer' => 'http://think.com/mycart/lists',
  'accept' => 'text/css,*/*;q=0.1',
  'user-agent' => 'Mozilla/5.0 (Windows NT 10.0; WOW64) AppleWebKit/537.36 (KHTML, like Gecko) Chrome/61.0.3163.100 Safari/537.36',
  'connection' => 'close',
  'host' => 'think.com',
)
[ info ] [ PARAM ] array (
)
[ info ] [ LOG ] INIT File
---------------------------------------------------------------
[ 2017-10-13T22:49:25+08:00 ] 127.0.0.1 127.0.0.1 GET /mycart/lists
[ info ] think.com/mycart/lists [运行时间：0.645035s][吞吐率：1.55req/s] [内存消耗：2,293.49kb] [文件加载：56]
[ info ] [ LANG ] F:\www\thinkphp\thinkphp\lang\zh-cn.php
[ info ] [ ROUTE ] array (
  'type' => 'module',
  'module' => 
  array (
    0 => 'index',
    1 => 'Mycart',
    2 => 'lists',
  ),
  'convert' => false,
)
[ info ] [ HEADER ] array (
  'cookie' => 'PHPSESSID=j00tg7aniku21rovi7vg016st7',
  'accept-language' => 'zh-CN,zh;q=0.8,en;q=0.6',
  'accept-encoding' => 'gzip, deflate',
  'referer' => 'http://think.com/lists/2',
  'accept' => 'text/html,application/xhtml+xml,application/xml;q=0.9,image/webp,image/apng,*/*;q=0.8',
  'upgrade-insecure-requests' => '1',
  'user-agent' => 'Mozilla/5.0 (Windows NT 10.0; WOW64) AppleWebKit/537.36 (KHTML, like Gecko) Chrome/61.0.3163.100 Safari/537.36',
  'cache-control' => 'max-age=0',
  'connection' => 'close',
  'host' => 'think.com',
)
[ info ] [ PARAM ] array (
)
[ info ] [ RUN ] app\index\controller\Mycart->lists[ F:\www\thinkphp\application\index\controller\Mycart.php ]
[ info ] [ DB ] INIT mysql
[ info ] [ SESSION ] INIT array (
  'id' => '',
  'var_session_id' => '',
  'prefix' => 'think',
  'type' => '',
  'auto_start' => true,
)
[ info ] [ VIEW ] F:\www\thinkphp\public/../application/index\view\mycart\lists.php [ array (
  0 => 'category',
  1 => 'data',
  2 => 'da',
  3 => 'num',
) ]
[ info ] [ LOG ] INIT File
[ sql ] [ DB ] CONNECT:[ UseTime:0.007938s ] mysql:host=127.0.0.1;dbname=shop;charset=utf8
[ sql ] [ SQL ] SHOW COLUMNS FROM `category` [ RunTime:0.058702s ]
[ sql ] [ SQL ] SELECT * FROM `category` WHERE  `pid` = 0  AND `id` > 1 [ RunTime:0.001931s ]
---------------------------------------------------------------
[ 2017-10-13T22:49:25+08:00 ] 127.0.0.1 127.0.0.1 GET /static/home/yanxuan.nosdn.127.nethxm/yanxuan-component/p/20170601/js/dist/yxComponent.all.min.css-v=1505963072142.css
[ info ] think.com/static/home/yanxuan.nosdn.127.nethxm/yanxuan-component/p/20170601/js/dist/yxComponent.all.min.css-v=1505963072142.css [运行时间：0.274962s][吞吐率：3.64req/s] [内存消耗：1,253.08kb] [文件加载：41]
[ info ] [ LANG ] F:\www\thinkphp\thinkphp\lang\zh-cn.php
[ info ] [ ROUTE ] array (
  'type' => 'module',
  'module' => 
  array (
    0 => 'static',
    1 => 'home',
    2 => 'yanxuan.nosdn.127.nethxm',
  ),
)
[ info ] [ HEADER ] array (
  'cookie' => 'PHPSESSID=j00tg7aniku21rovi7vg016st7',
  'accept-language' => 'zh-CN,zh;q=0.8,en;q=0.6',
  'accept-encoding' => 'gzip, deflate',
  'referer' => 'http://think.com/mycart/lists',
  'accept' => 'text/css,*/*;q=0.1',
  'user-agent' => 'Mozilla/5.0 (Windows NT 10.0; WOW64) AppleWebKit/537.36 (KHTML, like Gecko) Chrome/61.0.3163.100 Safari/537.36',
  'connection' => 'close',
  'host' => 'think.com',
)
[ info ] [ PARAM ] array (
  'component' => 'p',
  0 => 'js',
  'dist' => 'yxComponent.all.min.css-v=1505963072142.css',
)
[ info ] [ LOG ] INIT File
---------------------------------------------------------------
[ 2017-10-13T22:49:25+08:00 ] 127.0.0.1 127.0.0.1 GET /static/home/css/toPay-f530269a25.page.css
[ info ] think.com/static/home/css/toPay-f530269a25.page.css [运行时间：0.207462s][吞吐率：4.82req/s] [内存消耗：1,251.98kb] [文件加载：41]
[ info ] [ LANG ] F:\www\thinkphp\thinkphp\lang\zh-cn.php
[ info ] [ ROUTE ] array (
  'type' => 'module',
  'module' => 
  array (
    0 => 'static',
    1 => 'home',
    2 => 'css',
  ),
)
[ info ] [ HEADER ] array (
  'cookie' => 'PHPSESSID=j00tg7aniku21rovi7vg016st7',
  'accept-language' => 'zh-CN,zh;q=0.8,en;q=0.6',
  'accept-encoding' => 'gzip, deflate',
  'referer' => 'http://think.com/mycart/lists',
  'accept' => 'text/css,*/*;q=0.1',
  'user-agent' => 'Mozilla/5.0 (Windows NT 10.0; WOW64) AppleWebKit/537.36 (KHTML, like Gecko) Chrome/61.0.3163.100 Safari/537.36',
  'connection' => 'close',
  'host' => 'think.com',
)
[ info ] [ PARAM ] array (
)
[ info ] [ LOG ] INIT File
---------------------------------------------------------------
[ 2017-10-13T22:49:25+08:00 ] 127.0.0.1 127.0.0.1 GET /static/home/js/theme/default/layer.css?v=3.1.0
[ info ] think.com/static/home/js/theme/default/layer.css?v=3.1.0 [运行时间：0.067219s][吞吐率：14.88req/s] [内存消耗：1,252.72kb] [文件加载：41]
[ info ] [ LANG ] F:\www\thinkphp\thinkphp\lang\zh-cn.php
[ info ] [ ROUTE ] array (
  'type' => 'module',
  'module' => 
  array (
    0 => 'static',
    1 => 'home',
    2 => 'js',
  ),
)
[ info ] [ HEADER ] array (
  'cookie' => 'PHPSESSID=j00tg7aniku21rovi7vg016st7',
  'accept-language' => 'zh-CN,zh;q=0.8,en;q=0.6',
  'accept-encoding' => 'gzip, deflate',
  'referer' => 'http://think.com/mycart/lists',
  'accept' => 'text/css,*/*;q=0.1',
  'user-agent' => 'Mozilla/5.0 (Windows NT 10.0; WOW64) AppleWebKit/537.36 (KHTML, like Gecko) Chrome/61.0.3163.100 Safari/537.36',
  'connection' => 'close',
  'host' => 'think.com',
)
[ info ] [ PARAM ] array (
  'v' => '3.1.0',
  'theme' => 'default',
)
[ info ] [ LOG ] INIT File
---------------------------------------------------------------
[ 2017-10-13T22:49:25+08:00 ] 127.0.0.1 127.0.0.1 GET /static/home/css/toPay-f530269a25.page.css
[ info ] think.com/static/home/css/toPay-f530269a25.page.css [运行时间：0.068261s][吞吐率：14.65req/s] [内存消耗：1,251.98kb] [文件加载：41]
[ info ] [ LANG ] F:\www\thinkphp\thinkphp\lang\zh-cn.php
[ info ] [ ROUTE ] array (
  'type' => 'module',
  'module' => 
  array (
    0 => 'static',
    1 => 'home',
    2 => 'css',
  ),
)
[ info ] [ HEADER ] array (
  'cookie' => 'PHPSESSID=j00tg7aniku21rovi7vg016st7',
  'accept-language' => 'zh-CN,zh;q=0.8,en;q=0.6',
  'accept-encoding' => 'gzip, deflate',
  'referer' => 'http://think.com/mycart/lists',
  'accept' => 'text/css,*/*;q=0.1',
  'user-agent' => 'Mozilla/5.0 (Windows NT 10.0; WOW64) AppleWebKit/537.36 (KHTML, like Gecko) Chrome/61.0.3163.100 Safari/537.36',
  'connection' => 'close',
  'host' => 'think.com',
)
[ info ] [ PARAM ] array (
)
[ info ] [ LOG ] INIT File
---------------------------------------------------------------
[ 2017-10-13T22:49:26+08:00 ] 127.0.0.1 127.0.0.1 GET /static/home/css/toPay-7cbe21654f.css
[ info ] think.com/static/home/css/toPay-7cbe21654f.css [运行时间：0.233818s][吞吐率：4.28req/s] [内存消耗：1,251.96kb] [文件加载：41]
[ info ] [ LANG ] F:\www\thinkphp\thinkphp\lang\zh-cn.php
[ info ] [ ROUTE ] array (
  'type' => 'module',
  'module' => 
  array (
    0 => 'static',
    1 => 'home',
    2 => 'css',
  ),
)
[ info ] [ HEADER ] array (
  'cookie' => 'PHPSESSID=j00tg7aniku21rovi7vg016st7',
  'accept-language' => 'zh-CN,zh;q=0.8,en;q=0.6',
  'accept-encoding' => 'gzip, deflate',
  'referer' => 'http://think.com/mycart/lists',
  'accept' => 'text/css,*/*;q=0.1',
  'user-agent' => 'Mozilla/5.0 (Windows NT 10.0; WOW64) AppleWebKit/537.36 (KHTML, like Gecko) Chrome/61.0.3163.100 Safari/537.36',
  'connection' => 'close',
  'host' => 'think.com',
)
[ info ] [ PARAM ] array (
)
[ info ] [ LOG ] INIT File
---------------------------------------------------------------
[ 2017-10-13T22:49:45+08:00 ] 127.0.0.1 127.0.0.1 GET /mycart/lists
[ info ] think.com/mycart/lists [运行时间：0.265272s][吞吐率：3.77req/s] [内存消耗：2,293.49kb] [文件加载：56]
[ info ] [ LANG ] F:\www\thinkphp\thinkphp\lang\zh-cn.php
[ info ] [ ROUTE ] array (
  'type' => 'module',
  'module' => 
  array (
    0 => 'index',
    1 => 'Mycart',
    2 => 'lists',
  ),
  'convert' => false,
)
[ info ] [ HEADER ] array (
  'cookie' => 'PHPSESSID=j00tg7aniku21rovi7vg016st7',
  'accept-language' => 'zh-CN,zh;q=0.8,en;q=0.6',
  'accept-encoding' => 'gzip, deflate',
  'referer' => 'http://think.com/lists/2',
  'accept' => 'text/html,application/xhtml+xml,application/xml;q=0.9,image/webp,image/apng,*/*;q=0.8',
  'upgrade-insecure-requests' => '1',
  'user-agent' => 'Mozilla/5.0 (Windows NT 10.0; WOW64) AppleWebKit/537.36 (KHTML, like Gecko) Chrome/61.0.3163.100 Safari/537.36',
  'cache-control' => 'max-age=0',
  'connection' => 'close',
  'host' => 'think.com',
)
[ info ] [ PARAM ] array (
)
[ info ] [ RUN ] app\index\controller\Mycart->lists[ F:\www\thinkphp\application\index\controller\Mycart.php ]
[ info ] [ DB ] INIT mysql
[ info ] [ SESSION ] INIT array (
  'id' => '',
  'var_session_id' => '',
  'prefix' => 'think',
  'type' => '',
  'auto_start' => true,
)
[ info ] [ VIEW ] F:\www\thinkphp\public/../application/index\view\mycart\lists.php [ array (
  0 => 'category',
  1 => 'data',
  2 => 'da',
  3 => 'num',
) ]
[ info ] [ LOG ] INIT File
[ sql ] [ DB ] CONNECT:[ UseTime:0.011753s ] mysql:host=127.0.0.1;dbname=shop;charset=utf8
[ sql ] [ SQL ] SHOW COLUMNS FROM `category` [ RunTime:0.085203s ]
[ sql ] [ SQL ] SELECT * FROM `category` WHERE  `pid` = 0  AND `id` > 1 [ RunTime:0.002657s ]
---------------------------------------------------------------
[ 2017-10-13T22:49:45+08:00 ] 127.0.0.1 127.0.0.1 GET /static/home/yanxuan.nosdn.127.nethxm/yanxuan-component/p/20170601/js/dist/yxComponent.all.min.css-v=1505963072142.css
[ info ] think.com/static/home/yanxuan.nosdn.127.nethxm/yanxuan-component/p/20170601/js/dist/yxComponent.all.min.css-v=1505963072142.css [运行时间：0.088925s][吞吐率：11.25req/s] [内存消耗：1,253.08kb] [文件加载：41]
[ info ] [ LANG ] F:\www\thinkphp\thinkphp\lang\zh-cn.php
[ info ] [ ROUTE ] array (
  'type' => 'module',
  'module' => 
  array (
    0 => 'static',
    1 => 'home',
    2 => 'yanxuan.nosdn.127.nethxm',
  ),
)
[ info ] [ HEADER ] array (
  'cookie' => 'PHPSESSID=j00tg7aniku21rovi7vg016st7',
  'accept-language' => 'zh-CN,zh;q=0.8,en;q=0.6',
  'accept-encoding' => 'gzip, deflate',
  'referer' => 'http://think.com/mycart/lists',
  'accept' => 'text/css,*/*;q=0.1',
  'user-agent' => 'Mozilla/5.0 (Windows NT 10.0; WOW64) AppleWebKit/537.36 (KHTML, like Gecko) Chrome/61.0.3163.100 Safari/537.36',
  'connection' => 'close',
  'host' => 'think.com',
)
[ info ] [ PARAM ] array (
  'component' => 'p',
  0 => 'js',
  'dist' => 'yxComponent.all.min.css-v=1505963072142.css',
)
[ info ] [ LOG ] INIT File
---------------------------------------------------------------
[ 2017-10-13T22:49:45+08:00 ] 127.0.0.1 127.0.0.1 GET /static/home/css/toPay-f530269a25.page.css
[ info ] think.com/static/home/css/toPay-f530269a25.page.css [运行时间：0.089149s][吞吐率：11.22req/s] [内存消耗：1,251.98kb] [文件加载：41]
[ info ] [ LANG ] F:\www\thinkphp\thinkphp\lang\zh-cn.php
[ info ] [ ROUTE ] array (
  'type' => 'module',
  'module' => 
  array (
    0 => 'static',
    1 => 'home',
    2 => 'css',
  ),
)
[ info ] [ HEADER ] array (
  'cookie' => 'PHPSESSID=j00tg7aniku21rovi7vg016st7',
  'accept-language' => 'zh-CN,zh;q=0.8,en;q=0.6',
  'accept-encoding' => 'gzip, deflate',
  'referer' => 'http://think.com/mycart/lists',
  'accept' => 'text/css,*/*;q=0.1',
  'user-agent' => 'Mozilla/5.0 (Windows NT 10.0; WOW64) AppleWebKit/537.36 (KHTML, like Gecko) Chrome/61.0.3163.100 Safari/537.36',
  'connection' => 'close',
  'host' => 'think.com',
)
[ info ] [ PARAM ] array (
)
[ info ] [ LOG ] INIT File
---------------------------------------------------------------
[ 2017-10-13T22:49:45+08:00 ] 127.0.0.1 127.0.0.1 GET /static/home/css/toPay-f530269a25.page.css
[ info ] think.com/static/home/css/toPay-f530269a25.page.css [运行时间：0.097595s][吞吐率：10.25req/s] [内存消耗：1,251.98kb] [文件加载：41]
[ info ] [ LANG ] F:\www\thinkphp\thinkphp\lang\zh-cn.php
[ info ] [ ROUTE ] array (
  'type' => 'module',
  'module' => 
  array (
    0 => 'static',
    1 => 'home',
    2 => 'css',
  ),
)
[ info ] [ HEADER ] array (
  'cookie' => 'PHPSESSID=j00tg7aniku21rovi7vg016st7',
  'accept-language' => 'zh-CN,zh;q=0.8,en;q=0.6',
  'accept-encoding' => 'gzip, deflate',
  'referer' => 'http://think.com/mycart/lists',
  'accept' => 'text/css,*/*;q=0.1',
  'user-agent' => 'Mozilla/5.0 (Windows NT 10.0; WOW64) AppleWebKit/537.36 (KHTML, like Gecko) Chrome/61.0.3163.100 Safari/537.36',
  'connection' => 'close',
  'host' => 'think.com',
)
[ info ] [ PARAM ] array (
)
[ info ] [ LOG ] INIT File
---------------------------------------------------------------
[ 2017-10-13T22:49:45+08:00 ] 127.0.0.1 127.0.0.1 GET /static/home/js/theme/default/layer.css?v=3.1.0
[ info ] think.com/static/home/js/theme/default/layer.css?v=3.1.0 [运行时间：0.135904s][吞吐率：7.36req/s] [内存消耗：1,252.72kb] [文件加载：41]
[ info ] [ LANG ] F:\www\thinkphp\thinkphp\lang\zh-cn.php
[ info ] [ ROUTE ] array (
  'type' => 'module',
  'module' => 
  array (
    0 => 'static',
    1 => 'home',
    2 => 'js',
  ),
)
[ info ] [ HEADER ] array (
  'cookie' => 'PHPSESSID=j00tg7aniku21rovi7vg016st7',
  'accept-language' => 'zh-CN,zh;q=0.8,en;q=0.6',
  'accept-encoding' => 'gzip, deflate',
  'referer' => 'http://think.com/mycart/lists',
  'accept' => 'text/css,*/*;q=0.1',
  'user-agent' => 'Mozilla/5.0 (Windows NT 10.0; WOW64) AppleWebKit/537.36 (KHTML, like Gecko) Chrome/61.0.3163.100 Safari/537.36',
  'connection' => 'close',
  'host' => 'think.com',
)
[ info ] [ PARAM ] array (
  'v' => '3.1.0',
  'theme' => 'default',
)
[ info ] [ LOG ] INIT File
---------------------------------------------------------------
[ 2017-10-13T22:49:46+08:00 ] 127.0.0.1 127.0.0.1 GET /static/home/css/toPay-7cbe21654f.css
[ info ] think.com/static/home/css/toPay-7cbe21654f.css [运行时间：0.071077s][吞吐率：14.07req/s] [内存消耗：1,251.96kb] [文件加载：41]
[ info ] [ LANG ] F:\www\thinkphp\thinkphp\lang\zh-cn.php
[ info ] [ ROUTE ] array (
  'type' => 'module',
  'module' => 
  array (
    0 => 'static',
    1 => 'home',
    2 => 'css',
  ),
)
[ info ] [ HEADER ] array (
  'cookie' => 'PHPSESSID=j00tg7aniku21rovi7vg016st7',
  'accept-language' => 'zh-CN,zh;q=0.8,en;q=0.6',
  'accept-encoding' => 'gzip, deflate',
  'referer' => 'http://think.com/mycart/lists',
  'accept' => 'text/css,*/*;q=0.1',
  'user-agent' => 'Mozilla/5.0 (Windows NT 10.0; WOW64) AppleWebKit/537.36 (KHTML, like Gecko) Chrome/61.0.3163.100 Safari/537.36',
  'connection' => 'close',
  'host' => 'think.com',
)
[ info ] [ PARAM ] array (
)
[ info ] [ LOG ] INIT File
---------------------------------------------------------------
[ 2017-10-13T22:51:19+08:00 ] 127.0.0.1 127.0.0.1 GET /mycart/lists
[ info ] think.com/mycart/lists [运行时间：0.214358s][吞吐率：4.67req/s] [内存消耗：2,293.49kb] [文件加载：56]
[ info ] [ LANG ] F:\www\thinkphp\thinkphp\lang\zh-cn.php
[ info ] [ ROUTE ] array (
  'type' => 'module',
  'module' => 
  array (
    0 => 'index',
    1 => 'Mycart',
    2 => 'lists',
  ),
  'convert' => false,
)
[ info ] [ HEADER ] array (
  'cookie' => 'PHPSESSID=j00tg7aniku21rovi7vg016st7',
  'accept-language' => 'zh-CN,zh;q=0.8,en;q=0.6',
  'accept-encoding' => 'gzip, deflate',
  'referer' => 'http://think.com/lists/2',
  'accept' => 'text/html,application/xhtml+xml,application/xml;q=0.9,image/webp,image/apng,*/*;q=0.8',
  'upgrade-insecure-requests' => '1',
  'user-agent' => 'Mozilla/5.0 (Windows NT 10.0; WOW64) AppleWebKit/537.36 (KHTML, like Gecko) Chrome/61.0.3163.100 Safari/537.36',
  'cache-control' => 'max-age=0',
  'connection' => 'close',
  'host' => 'think.com',
)
[ info ] [ PARAM ] array (
)
[ info ] [ RUN ] app\index\controller\Mycart->lists[ F:\www\thinkphp\application\index\controller\Mycart.php ]
[ info ] [ DB ] INIT mysql
[ info ] [ SESSION ] INIT array (
  'id' => '',
  'var_session_id' => '',
  'prefix' => 'think',
  'type' => '',
  'auto_start' => true,
)
[ info ] [ VIEW ] F:\www\thinkphp\public/../application/index\view\mycart\lists.php [ array (
  0 => 'category',
  1 => 'data',
  2 => 'da',
  3 => 'num',
) ]
[ info ] [ LOG ] INIT File
[ sql ] [ DB ] CONNECT:[ UseTime:0.006887s ] mysql:host=127.0.0.1;dbname=shop;charset=utf8
[ sql ] [ SQL ] SHOW COLUMNS FROM `category` [ RunTime:0.097598s ]
[ sql ] [ SQL ] SELECT * FROM `category` WHERE  `pid` = 0  AND `id` > 1 [ RunTime:0.001651s ]
---------------------------------------------------------------
[ 2017-10-13T22:51:19+08:00 ] 127.0.0.1 127.0.0.1 GET /static/home/yanxuan.nosdn.127.nethxm/yanxuan-component/p/20170601/js/dist/yxComponent.all.min.css-v=1505963072142.css
[ info ] think.com/static/home/yanxuan.nosdn.127.nethxm/yanxuan-component/p/20170601/js/dist/yxComponent.all.min.css-v=1505963072142.css [运行时间：0.074091s][吞吐率：13.50req/s] [内存消耗：1,253.08kb] [文件加载：41]
[ info ] [ LANG ] F:\www\thinkphp\thinkphp\lang\zh-cn.php
[ info ] [ ROUTE ] array (
  'type' => 'module',
  'module' => 
  array (
    0 => 'static',
    1 => 'home',
    2 => 'yanxuan.nosdn.127.nethxm',
  ),
)
[ info ] [ HEADER ] array (
  'cookie' => 'PHPSESSID=j00tg7aniku21rovi7vg016st7',
  'accept-language' => 'zh-CN,zh;q=0.8,en;q=0.6',
  'accept-encoding' => 'gzip, deflate',
  'referer' => 'http://think.com/mycart/lists',
  'accept' => 'text/css,*/*;q=0.1',
  'user-agent' => 'Mozilla/5.0 (Windows NT 10.0; WOW64) AppleWebKit/537.36 (KHTML, like Gecko) Chrome/61.0.3163.100 Safari/537.36',
  'connection' => 'close',
  'host' => 'think.com',
)
[ info ] [ PARAM ] array (
  'component' => 'p',
  0 => 'js',
  'dist' => 'yxComponent.all.min.css-v=1505963072142.css',
)
[ info ] [ LOG ] INIT File
---------------------------------------------------------------
[ 2017-10-13T22:51:19+08:00 ] 127.0.0.1 127.0.0.1 GET /static/home/css/toPay-f530269a25.page.css
[ info ] think.com/static/home/css/toPay-f530269a25.page.css [运行时间：0.070721s][吞吐率：14.14req/s] [内存消耗：1,251.98kb] [文件加载：41]
[ info ] [ LANG ] F:\www\thinkphp\thinkphp\lang\zh-cn.php
[ info ] [ ROUTE ] array (
  'type' => 'module',
  'module' => 
  array (
    0 => 'static',
    1 => 'home',
    2 => 'css',
  ),
)
[ info ] [ HEADER ] array (
  'cookie' => 'PHPSESSID=j00tg7aniku21rovi7vg016st7',
  'accept-language' => 'zh-CN,zh;q=0.8,en;q=0.6',
  'accept-encoding' => 'gzip, deflate',
  'referer' => 'http://think.com/mycart/lists',
  'accept' => 'text/css,*/*;q=0.1',
  'user-agent' => 'Mozilla/5.0 (Windows NT 10.0; WOW64) AppleWebKit/537.36 (KHTML, like Gecko) Chrome/61.0.3163.100 Safari/537.36',
  'connection' => 'close',
  'host' => 'think.com',
)
[ info ] [ PARAM ] array (
)
[ info ] [ LOG ] INIT File
---------------------------------------------------------------
[ 2017-10-13T22:51:19+08:00 ] 127.0.0.1 127.0.0.1 GET /static/home/js/theme/default/layer.css?v=3.1.0
[ info ] think.com/static/home/js/theme/default/layer.css?v=3.1.0 [运行时间：0.061395s][吞吐率：16.29req/s] [内存消耗：1,252.72kb] [文件加载：41]
[ info ] [ LANG ] F:\www\thinkphp\thinkphp\lang\zh-cn.php
[ info ] [ ROUTE ] array (
  'type' => 'module',
  'module' => 
  array (
    0 => 'static',
    1 => 'home',
    2 => 'js',
  ),
)
[ info ] [ HEADER ] array (
  'cookie' => 'PHPSESSID=j00tg7aniku21rovi7vg016st7',
  'accept-language' => 'zh-CN,zh;q=0.8,en;q=0.6',
  'accept-encoding' => 'gzip, deflate',
  'referer' => 'http://think.com/mycart/lists',
  'accept' => 'text/css,*/*;q=0.1',
  'user-agent' => 'Mozilla/5.0 (Windows NT 10.0; WOW64) AppleWebKit/537.36 (KHTML, like Gecko) Chrome/61.0.3163.100 Safari/537.36',
  'connection' => 'close',
  'host' => 'think.com',
)
[ info ] [ PARAM ] array (
  'v' => '3.1.0',
  'theme' => 'default',
)
[ info ] [ LOG ] INIT File
---------------------------------------------------------------
[ 2017-10-13T22:51:19+08:00 ] 127.0.0.1 127.0.0.1 GET /static/home/css/toPay-f530269a25.page.css
[ info ] think.com/static/home/css/toPay-f530269a25.page.css [运行时间：0.062054s][吞吐率：16.11req/s] [内存消耗：1,251.98kb] [文件加载：41]
[ info ] [ LANG ] F:\www\thinkphp\thinkphp\lang\zh-cn.php
[ info ] [ ROUTE ] array (
  'type' => 'module',
  'module' => 
  array (
    0 => 'static',
    1 => 'home',
    2 => 'css',
  ),
)
[ info ] [ HEADER ] array (
  'cookie' => 'PHPSESSID=j00tg7aniku21rovi7vg016st7',
  'accept-language' => 'zh-CN,zh;q=0.8,en;q=0.6',
  'accept-encoding' => 'gzip, deflate',
  'referer' => 'http://think.com/mycart/lists',
  'accept' => 'text/css,*/*;q=0.1',
  'user-agent' => 'Mozilla/5.0 (Windows NT 10.0; WOW64) AppleWebKit/537.36 (KHTML, like Gecko) Chrome/61.0.3163.100 Safari/537.36',
  'connection' => 'close',
  'host' => 'think.com',
)
[ info ] [ PARAM ] array (
)
[ info ] [ LOG ] INIT File
---------------------------------------------------------------
[ 2017-10-13T22:51:20+08:00 ] 127.0.0.1 127.0.0.1 GET /static/home/css/toPay-7cbe21654f.css
[ info ] think.com/static/home/css/toPay-7cbe21654f.css [运行时间：0.094188s][吞吐率：10.62req/s] [内存消耗：1,251.96kb] [文件加载：41]
[ info ] [ LANG ] F:\www\thinkphp\thinkphp\lang\zh-cn.php
[ info ] [ ROUTE ] array (
  'type' => 'module',
  'module' => 
  array (
    0 => 'static',
    1 => 'home',
    2 => 'css',
  ),
)
[ info ] [ HEADER ] array (
  'cookie' => 'PHPSESSID=j00tg7aniku21rovi7vg016st7',
  'accept-language' => 'zh-CN,zh;q=0.8,en;q=0.6',
  'accept-encoding' => 'gzip, deflate',
  'referer' => 'http://think.com/mycart/lists',
  'accept' => 'text/css,*/*;q=0.1',
  'user-agent' => 'Mozilla/5.0 (Windows NT 10.0; WOW64) AppleWebKit/537.36 (KHTML, like Gecko) Chrome/61.0.3163.100 Safari/537.36',
  'connection' => 'close',
  'host' => 'think.com',
)
[ info ] [ PARAM ] array (
)
[ info ] [ LOG ] INIT File
---------------------------------------------------------------
[ 2017-10-13T22:51:35+08:00 ] 127.0.0.1 127.0.0.1 GET /static/home/yanxuan.nosdn.127.nethxm/yanxuan-component/p/20170601/js/dist/yxComponent.all.min.css-v=1505963072142.css
[ info ] think.com/static/home/yanxuan.nosdn.127.nethxm/yanxuan-component/p/20170601/js/dist/yxComponent.all.min.css-v=1505963072142.css [运行时间：0.085255s][吞吐率：11.73req/s] [内存消耗：1,253.08kb] [文件加载：41]
[ info ] [ LANG ] F:\www\thinkphp\thinkphp\lang\zh-cn.php
[ info ] [ ROUTE ] array (
  'type' => 'module',
  'module' => 
  array (
    0 => 'static',
    1 => 'home',
    2 => 'yanxuan.nosdn.127.nethxm',
  ),
)
[ info ] [ HEADER ] array (
  'cookie' => 'PHPSESSID=j00tg7aniku21rovi7vg016st7',
  'accept-language' => 'zh-CN,zh;q=0.8,en;q=0.6',
  'accept-encoding' => 'gzip, deflate',
  'referer' => 'http://think.com/mycart/lists',
  'accept' => 'text/css,*/*;q=0.1',
  'user-agent' => 'Mozilla/5.0 (Windows NT 10.0; WOW64) AppleWebKit/537.36 (KHTML, like Gecko) Chrome/61.0.3163.100 Safari/537.36',
  'connection' => 'close',
  'host' => 'think.com',
)
[ info ] [ PARAM ] array (
  'component' => 'p',
  0 => 'js',
  'dist' => 'yxComponent.all.min.css-v=1505963072142.css',
)
[ info ] [ LOG ] INIT File
---------------------------------------------------------------
[ 2017-10-13T22:51:35+08:00 ] 127.0.0.1 127.0.0.1 GET /static/home/js/theme/default/layer.css?v=3.1.0
[ info ] think.com/static/home/js/theme/default/layer.css?v=3.1.0 [运行时间：0.089292s][吞吐率：11.20req/s] [内存消耗：1,252.72kb] [文件加载：41]
[ info ] [ LANG ] F:\www\thinkphp\thinkphp\lang\zh-cn.php
[ info ] [ ROUTE ] array (
  'type' => 'module',
  'module' => 
  array (
    0 => 'static',
    1 => 'home',
    2 => 'js',
  ),
)
[ info ] [ HEADER ] array (
  'cookie' => 'PHPSESSID=j00tg7aniku21rovi7vg016st7',
  'accept-language' => 'zh-CN,zh;q=0.8,en;q=0.6',
  'accept-encoding' => 'gzip, deflate',
  'referer' => 'http://think.com/mycart/lists',
  'accept' => 'text/css,*/*;q=0.1',
  'user-agent' => 'Mozilla/5.0 (Windows NT 10.0; WOW64) AppleWebKit/537.36 (KHTML, like Gecko) Chrome/61.0.3163.100 Safari/537.36',
  'connection' => 'close',
  'host' => 'think.com',
)
[ info ] [ PARAM ] array (
  'v' => '3.1.0',
  'theme' => 'default',
)
[ info ] [ LOG ] INIT File
---------------------------------------------------------------
[ 2017-10-13T22:51:36+08:00 ] 127.0.0.1 127.0.0.1 GET /static/home/css/toPay-f530269a25.page.css
[ info ] think.com/static/home/css/toPay-f530269a25.page.css [运行时间：0.083498s][吞吐率：11.98req/s] [内存消耗：1,251.98kb] [文件加载：41]
[ info ] [ LANG ] F:\www\thinkphp\thinkphp\lang\zh-cn.php
[ info ] [ ROUTE ] array (
  'type' => 'module',
  'module' => 
  array (
    0 => 'static',
    1 => 'home',
    2 => 'css',
  ),
)
[ info ] [ HEADER ] array (
  'cookie' => 'PHPSESSID=j00tg7aniku21rovi7vg016st7',
  'accept-language' => 'zh-CN,zh;q=0.8,en;q=0.6',
  'accept-encoding' => 'gzip, deflate',
  'referer' => 'http://think.com/mycart/lists',
  'accept' => 'text/css,*/*;q=0.1',
  'user-agent' => 'Mozilla/5.0 (Windows NT 10.0; WOW64) AppleWebKit/537.36 (KHTML, like Gecko) Chrome/61.0.3163.100 Safari/537.36',
  'connection' => 'close',
  'host' => 'think.com',
)
[ info ] [ PARAM ] array (
)
[ info ] [ LOG ] INIT File
---------------------------------------------------------------
[ 2017-10-13T22:51:36+08:00 ] 127.0.0.1 127.0.0.1 GET /static/home/css/toPay-7cbe21654f.css
[ info ] think.com/static/home/css/toPay-7cbe21654f.css [运行时间：0.079602s][吞吐率：12.56req/s] [内存消耗：1,251.96kb] [文件加载：41]
[ info ] [ LANG ] F:\www\thinkphp\thinkphp\lang\zh-cn.php
[ info ] [ ROUTE ] array (
  'type' => 'module',
  'module' => 
  array (
    0 => 'static',
    1 => 'home',
    2 => 'css',
  ),
)
[ info ] [ HEADER ] array (
  'cookie' => 'PHPSESSID=j00tg7aniku21rovi7vg016st7',
  'accept-language' => 'zh-CN,zh;q=0.8,en;q=0.6',
  'accept-encoding' => 'gzip, deflate',
  'referer' => 'http://think.com/mycart/lists',
  'accept' => 'text/css,*/*;q=0.1',
  'user-agent' => 'Mozilla/5.0 (Windows NT 10.0; WOW64) AppleWebKit/537.36 (KHTML, like Gecko) Chrome/61.0.3163.100 Safari/537.36',
  'connection' => 'close',
  'host' => 'think.com',
)
[ info ] [ PARAM ] array (
)
[ info ] [ LOG ] INIT File
---------------------------------------------------------------
[ 2017-10-13T22:52:30+08:00 ] 127.0.0.1 127.0.0.1 GET /mycart/lists
[ info ] think.com/mycart/lists [运行时间：0.176381s][吞吐率：5.67req/s] [内存消耗：2,293.49kb] [文件加载：56]
[ info ] [ LANG ] F:\www\thinkphp\thinkphp\lang\zh-cn.php
[ info ] [ ROUTE ] array (
  'type' => 'module',
  'module' => 
  array (
    0 => 'index',
    1 => 'Mycart',
    2 => 'lists',
  ),
  'convert' => false,
)
[ info ] [ HEADER ] array (
  'cookie' => 'PHPSESSID=j00tg7aniku21rovi7vg016st7',
  'accept-language' => 'zh-CN,zh;q=0.8,en;q=0.6',
  'accept-encoding' => 'gzip, deflate',
  'referer' => 'http://think.com/lists/2',
  'accept' => 'text/html,application/xhtml+xml,application/xml;q=0.9,image/webp,image/apng,*/*;q=0.8',
  'user-agent' => 'Mozilla/5.0 (Windows NT 10.0; WOW64) AppleWebKit/537.36 (KHTML, like Gecko) Chrome/61.0.3163.100 Safari/537.36',
  'upgrade-insecure-requests' => '1',
  'cache-control' => 'max-age=0',
  'connection' => 'close',
  'host' => 'think.com',
)
[ info ] [ PARAM ] array (
)
[ info ] [ RUN ] app\index\controller\Mycart->lists[ F:\www\thinkphp\application\index\controller\Mycart.php ]
[ info ] [ DB ] INIT mysql
[ info ] [ SESSION ] INIT array (
  'id' => '',
  'var_session_id' => '',
  'prefix' => 'think',
  'type' => '',
  'auto_start' => true,
)
[ info ] [ VIEW ] F:\www\thinkphp\public/../application/index\view\mycart\lists.php [ array (
  0 => 'category',
  1 => 'data',
  2 => 'da',
  3 => 'num',
) ]
[ info ] [ LOG ] INIT File
[ sql ] [ DB ] CONNECT:[ UseTime:0.007388s ] mysql:host=127.0.0.1;dbname=shop;charset=utf8
[ sql ] [ SQL ] SHOW COLUMNS FROM `category` [ RunTime:0.050623s ]
[ sql ] [ SQL ] SELECT * FROM `category` WHERE  `pid` = 0  AND `id` > 1 [ RunTime:0.002507s ]
---------------------------------------------------------------
[ 2017-10-13T22:52:30+08:00 ] 127.0.0.1 127.0.0.1 GET /static/home/yanxuan.nosdn.127.nethxm/yanxuan-component/p/20170601/js/dist/yxComponent.all.min.css-v=1505963072142.css
[ info ] think.com/static/home/yanxuan.nosdn.127.nethxm/yanxuan-component/p/20170601/js/dist/yxComponent.all.min.css-v=1505963072142.css [运行时间：0.092068s][吞吐率：10.86req/s] [内存消耗：1,253.08kb] [文件加载：41]
[ info ] [ LANG ] F:\www\thinkphp\thinkphp\lang\zh-cn.php
[ info ] [ ROUTE ] array (
  'type' => 'module',
  'module' => 
  array (
    0 => 'static',
    1 => 'home',
    2 => 'yanxuan.nosdn.127.nethxm',
  ),
)
[ info ] [ HEADER ] array (
  'cookie' => 'PHPSESSID=j00tg7aniku21rovi7vg016st7',
  'accept-language' => 'zh-CN,zh;q=0.8,en;q=0.6',
  'accept-encoding' => 'gzip, deflate',
  'referer' => 'http://think.com/mycart/lists',
  'accept' => 'text/css,*/*;q=0.1',
  'user-agent' => 'Mozilla/5.0 (Windows NT 10.0; WOW64) AppleWebKit/537.36 (KHTML, like Gecko) Chrome/61.0.3163.100 Safari/537.36',
  'connection' => 'close',
  'host' => 'think.com',
)
[ info ] [ PARAM ] array (
  'component' => 'p',
  0 => 'js',
  'dist' => 'yxComponent.all.min.css-v=1505963072142.css',
)
[ info ] [ LOG ] INIT File
---------------------------------------------------------------
[ 2017-10-13T22:52:30+08:00 ] 127.0.0.1 127.0.0.1 GET /static/home/css/toPay-f530269a25.page.css
[ info ] think.com/static/home/css/toPay-f530269a25.page.css [运行时间：0.079709s][吞吐率：12.55req/s] [内存消耗：1,251.98kb] [文件加载：41]
[ info ] [ LANG ] F:\www\thinkphp\thinkphp\lang\zh-cn.php
[ info ] [ ROUTE ] array (
  'type' => 'module',
  'module' => 
  array (
    0 => 'static',
    1 => 'home',
    2 => 'css',
  ),
)
[ info ] [ HEADER ] array (
  'cookie' => 'PHPSESSID=j00tg7aniku21rovi7vg016st7',
  'accept-language' => 'zh-CN,zh;q=0.8,en;q=0.6',
  'accept-encoding' => 'gzip, deflate',
  'referer' => 'http://think.com/mycart/lists',
  'accept' => 'text/css,*/*;q=0.1',
  'user-agent' => 'Mozilla/5.0 (Windows NT 10.0; WOW64) AppleWebKit/537.36 (KHTML, like Gecko) Chrome/61.0.3163.100 Safari/537.36',
  'connection' => 'close',
  'host' => 'think.com',
)
[ info ] [ PARAM ] array (
)
[ info ] [ LOG ] INIT File
---------------------------------------------------------------
[ 2017-10-13T22:52:31+08:00 ] 127.0.0.1 127.0.0.1 GET /static/home/js/theme/default/layer.css?v=3.1.0
[ info ] think.com/static/home/js/theme/default/layer.css?v=3.1.0 [运行时间：0.065619s][吞吐率：15.24req/s] [内存消耗：1,252.72kb] [文件加载：41]
[ info ] [ LANG ] F:\www\thinkphp\thinkphp\lang\zh-cn.php
[ info ] [ ROUTE ] array (
  'type' => 'module',
  'module' => 
  array (
    0 => 'static',
    1 => 'home',
    2 => 'js',
  ),
)
[ info ] [ HEADER ] array (
  'cookie' => 'PHPSESSID=j00tg7aniku21rovi7vg016st7',
  'accept-language' => 'zh-CN,zh;q=0.8,en;q=0.6',
  'accept-encoding' => 'gzip, deflate',
  'referer' => 'http://think.com/mycart/lists',
  'accept' => 'text/css,*/*;q=0.1',
  'user-agent' => 'Mozilla/5.0 (Windows NT 10.0; WOW64) AppleWebKit/537.36 (KHTML, like Gecko) Chrome/61.0.3163.100 Safari/537.36',
  'connection' => 'close',
  'host' => 'think.com',
)
[ info ] [ PARAM ] array (
  'v' => '3.1.0',
  'theme' => 'default',
)
[ info ] [ LOG ] INIT File
---------------------------------------------------------------
[ 2017-10-13T22:52:31+08:00 ] 127.0.0.1 127.0.0.1 GET /static/home/css/toPay-f530269a25.page.css
[ info ] think.com/static/home/css/toPay-f530269a25.page.css [运行时间：0.066900s][吞吐率：14.95req/s] [内存消耗：1,251.98kb] [文件加载：41]
[ info ] [ LANG ] F:\www\thinkphp\thinkphp\lang\zh-cn.php
[ info ] [ ROUTE ] array (
  'type' => 'module',
  'module' => 
  array (
    0 => 'static',
    1 => 'home',
    2 => 'css',
  ),
)
[ info ] [ HEADER ] array (
  'cookie' => 'PHPSESSID=j00tg7aniku21rovi7vg016st7',
  'accept-language' => 'zh-CN,zh;q=0.8,en;q=0.6',
  'accept-encoding' => 'gzip, deflate',
  'referer' => 'http://think.com/mycart/lists',
  'accept' => 'text/css,*/*;q=0.1',
  'user-agent' => 'Mozilla/5.0 (Windows NT 10.0; WOW64) AppleWebKit/537.36 (KHTML, like Gecko) Chrome/61.0.3163.100 Safari/537.36',
  'connection' => 'close',
  'host' => 'think.com',
)
[ info ] [ PARAM ] array (
)
[ info ] [ LOG ] INIT File
---------------------------------------------------------------
[ 2017-10-13T22:52:31+08:00 ] 127.0.0.1 127.0.0.1 GET /static/home/css/toPay-7cbe21654f.css
[ info ] think.com/static/home/css/toPay-7cbe21654f.css [运行时间：0.054989s][吞吐率：18.19req/s] [内存消耗：1,251.96kb] [文件加载：41]
[ info ] [ LANG ] F:\www\thinkphp\thinkphp\lang\zh-cn.php
[ info ] [ ROUTE ] array (
  'type' => 'module',
  'module' => 
  array (
    0 => 'static',
    1 => 'home',
    2 => 'css',
  ),
)
[ info ] [ HEADER ] array (
  'cookie' => 'PHPSESSID=j00tg7aniku21rovi7vg016st7',
  'accept-language' => 'zh-CN,zh;q=0.8,en;q=0.6',
  'accept-encoding' => 'gzip, deflate',
  'referer' => 'http://think.com/mycart/lists',
  'accept' => 'text/css,*/*;q=0.1',
  'user-agent' => 'Mozilla/5.0 (Windows NT 10.0; WOW64) AppleWebKit/537.36 (KHTML, like Gecko) Chrome/61.0.3163.100 Safari/537.36',
  'connection' => 'close',
  'host' => 'think.com',
)
[ info ] [ PARAM ] array (
)
[ info ] [ LOG ] INIT File
---------------------------------------------------------------
[ 2017-10-13T22:52:57+08:00 ] 127.0.0.1 127.0.0.1 GET /lis/111
[ info ] think.com/lis/111 [运行时间：0.496900s][吞吐率：2.01req/s] [内存消耗：2,207.80kb] [文件加载：54]
[ info ] [ LANG ] F:\www\thinkphp\thinkphp\lang\zh-cn.php
[ info ] [ ROUTE ] array (
  'type' => 'module',
  'module' => 
  array (
    0 => 'index',
    1 => 'Search',
    2 => 'index',
  ),
  'convert' => false,
)
[ info ] [ HEADER ] array (
  'cookie' => 'PHPSESSID=j00tg7aniku21rovi7vg016st7',
  'accept-language' => 'zh-CN,zh;q=0.8,en;q=0.6',
  'accept-encoding' => 'gzip, deflate',
  'referer' => 'http://think.com/mycart/lists',
  'accept' => 'text/html,application/xhtml+xml,application/xml;q=0.9,image/webp,image/apng,*/*;q=0.8',
  'user-agent' => 'Mozilla/5.0 (Windows NT 10.0; WOW64) AppleWebKit/537.36 (KHTML, like Gecko) Chrome/61.0.3163.100 Safari/537.36',
  'upgrade-insecure-requests' => '1',
  'connection' => 'close',
  'host' => 'think.com',
)
[ info ] [ PARAM ] array (
  'words' => '111',
)
[ info ] [ RUN ] app\index\controller\Search->index[ F:\www\thinkphp\application\index\controller\Search.php ]
[ info ] [ DB ] INIT mysql
[ info ] [ VIEW ] F:\www\thinkphp\public/../application/index\view\search\index.php [ array (
  0 => 'searchGoods',
  1 => 'category',
) ]
[ info ] [ SESSION ] INIT array (
  'id' => '',
  'var_session_id' => '',
  'prefix' => 'think',
  'type' => '',
  'auto_start' => true,
)
[ info ] [ LOG ] INIT File
[ sql ] [ DB ] CONNECT:[ UseTime:0.009435s ] mysql:host=127.0.0.1;dbname=shop;charset=utf8
[ sql ] [ SQL ] SHOW COLUMNS FROM `category` [ RunTime:0.214610s ]
[ sql ] [ SQL ] SELECT * FROM `category` WHERE  `pid` = 0  AND `id` > 1 [ RunTime:0.001608s ]
[ sql ] [ SQL ] SHOW COLUMNS FROM `goods` [ RunTime:0.054350s ]
[ sql ] [ SQL ] SELECT * FROM `goods` WHERE  `name` LIKE '%111%' [ RunTime:0.024944s ]
---------------------------------------------------------------
[ 2017-10-13T22:52:57+08:00 ] 127.0.0.1 127.0.0.1 GET /static/home/yanxuan.nosdn.127.nethxm/yanxuan-component/p/20170601/js/dist/yxComponent.all.min.css-v=1505963072142.css
[ info ] think.com/static/home/yanxuan.nosdn.127.nethxm/yanxuan-component/p/20170601/js/dist/yxComponent.all.min.css-v=1505963072142.css [运行时间：0.105521s][吞吐率：9.48req/s] [内存消耗：1,253.02kb] [文件加载：41]
[ info ] [ LANG ] F:\www\thinkphp\thinkphp\lang\zh-cn.php
[ info ] [ ROUTE ] array (
  'type' => 'module',
  'module' => 
  array (
    0 => 'static',
    1 => 'home',
    2 => 'yanxuan.nosdn.127.nethxm',
  ),
)
[ info ] [ HEADER ] array (
  'cookie' => 'PHPSESSID=j00tg7aniku21rovi7vg016st7',
  'accept-language' => 'zh-CN,zh;q=0.8,en;q=0.6',
  'accept-encoding' => 'gzip, deflate',
  'referer' => 'http://think.com/lis/111',
  'accept' => 'text/css,*/*;q=0.1',
  'user-agent' => 'Mozilla/5.0 (Windows NT 10.0; WOW64) AppleWebKit/537.36 (KHTML, like Gecko) Chrome/61.0.3163.100 Safari/537.36',
  'connection' => 'close',
  'host' => 'think.com',
)
[ info ] [ PARAM ] array (
  'component' => 'p',
  0 => 'js',
  'dist' => 'yxComponent.all.min.css-v=1505963072142.css',
)
[ info ] [ LOG ] INIT File
---------------------------------------------------------------
[ 2017-10-13T22:52:57+08:00 ] 127.0.0.1 127.0.0.1 GET /static/home/css/toPay-f530269a25.page.css
[ info ] think.com/static/home/css/toPay-f530269a25.page.css [运行时间：0.077392s][吞吐率：12.92req/s] [内存消耗：1,251.91kb] [文件加载：41]
[ info ] [ LANG ] F:\www\thinkphp\thinkphp\lang\zh-cn.php
[ info ] [ ROUTE ] array (
  'type' => 'module',
  'module' => 
  array (
    0 => 'static',
    1 => 'home',
    2 => 'css',
  ),
)
[ info ] [ HEADER ] array (
  'cookie' => 'PHPSESSID=j00tg7aniku21rovi7vg016st7',
  'accept-language' => 'zh-CN,zh;q=0.8,en;q=0.6',
  'accept-encoding' => 'gzip, deflate',
  'referer' => 'http://think.com/lis/111',
  'accept' => 'text/css,*/*;q=0.1',
  'user-agent' => 'Mozilla/5.0 (Windows NT 10.0; WOW64) AppleWebKit/537.36 (KHTML, like Gecko) Chrome/61.0.3163.100 Safari/537.36',
  'connection' => 'close',
  'host' => 'think.com',
)
[ info ] [ PARAM ] array (
)
[ info ] [ LOG ] INIT File
---------------------------------------------------------------
[ 2017-10-13T22:52:57+08:00 ] 127.0.0.1 127.0.0.1 GET /static/home/js/theme/default/layer.css?v=3.1.0
[ info ] think.com/static/home/js/theme/default/layer.css?v=3.1.0 [运行时间：0.073889s][吞吐率：13.53req/s] [内存消耗：1,252.66kb] [文件加载：41]
[ info ] [ LANG ] F:\www\thinkphp\thinkphp\lang\zh-cn.php
[ info ] [ ROUTE ] array (
  'type' => 'module',
  'module' => 
  array (
    0 => 'static',
    1 => 'home',
    2 => 'js',
  ),
)
[ info ] [ HEADER ] array (
  'cookie' => 'PHPSESSID=j00tg7aniku21rovi7vg016st7',
  'accept-language' => 'zh-CN,zh;q=0.8,en;q=0.6',
  'accept-encoding' => 'gzip, deflate',
  'referer' => 'http://think.com/lis/111',
  'accept' => 'text/css,*/*;q=0.1',
  'user-agent' => 'Mozilla/5.0 (Windows NT 10.0; WOW64) AppleWebKit/537.36 (KHTML, like Gecko) Chrome/61.0.3163.100 Safari/537.36',
  'connection' => 'close',
  'host' => 'think.com',
)
[ info ] [ PARAM ] array (
  'v' => '3.1.0',
  'theme' => 'default',
)
[ info ] [ LOG ] INIT File
---------------------------------------------------------------
[ 2017-10-13T22:52:57+08:00 ] 127.0.0.1 127.0.0.1 GET /static/home/css/toPay-f530269a25.page.css
[ info ] think.com/static/home/css/toPay-f530269a25.page.css [运行时间：0.081599s][吞吐率：12.26req/s] [内存消耗：1,251.91kb] [文件加载：41]
[ info ] [ LANG ] F:\www\thinkphp\thinkphp\lang\zh-cn.php
[ info ] [ ROUTE ] array (
  'type' => 'module',
  'module' => 
  array (
    0 => 'static',
    1 => 'home',
    2 => 'css',
  ),
)
[ info ] [ HEADER ] array (
  'cookie' => 'PHPSESSID=j00tg7aniku21rovi7vg016st7',
  'accept-language' => 'zh-CN,zh;q=0.8,en;q=0.6',
  'accept-encoding' => 'gzip, deflate',
  'referer' => 'http://think.com/lis/111',
  'accept' => 'text/css,*/*;q=0.1',
  'user-agent' => 'Mozilla/5.0 (Windows NT 10.0; WOW64) AppleWebKit/537.36 (KHTML, like Gecko) Chrome/61.0.3163.100 Safari/537.36',
  'connection' => 'close',
  'host' => 'think.com',
)
[ info ] [ PARAM ] array (
)
[ info ] [ LOG ] INIT File
---------------------------------------------------------------
[ 2017-10-13T22:52:58+08:00 ] 127.0.0.1 127.0.0.1 GET /static/home/css/toPay-7cbe21654f.css
[ info ] think.com/static/home/css/toPay-7cbe21654f.css [运行时间：0.071290s][吞吐率：14.03req/s] [内存消耗：1,251.90kb] [文件加载：41]
[ info ] [ LANG ] F:\www\thinkphp\thinkphp\lang\zh-cn.php
[ info ] [ ROUTE ] array (
  'type' => 'module',
  'module' => 
  array (
    0 => 'static',
    1 => 'home',
    2 => 'css',
  ),
)
[ info ] [ HEADER ] array (
  'cookie' => 'PHPSESSID=j00tg7aniku21rovi7vg016st7',
  'accept-language' => 'zh-CN,zh;q=0.8,en;q=0.6',
  'accept-encoding' => 'gzip, deflate',
  'referer' => 'http://think.com/lis/111',
  'accept' => 'text/css,*/*;q=0.1',
  'user-agent' => 'Mozilla/5.0 (Windows NT 10.0; WOW64) AppleWebKit/537.36 (KHTML, like Gecko) Chrome/61.0.3163.100 Safari/537.36',
  'connection' => 'close',
  'host' => 'think.com',
)
[ info ] [ PARAM ] array (
)
[ info ] [ LOG ] INIT File
---------------------------------------------------------------
[ 2017-10-13T22:53:03+08:00 ] 127.0.0.1 127.0.0.1 GET /lis/222
[ info ] think.com/lis/222 [运行时间：0.277226s][吞吐率：3.61req/s] [内存消耗：1,997.44kb] [文件加载：52]
[ info ] [ LANG ] F:\www\thinkphp\thinkphp\lang\zh-cn.php
[ info ] [ ROUTE ] array (
  'type' => 'module',
  'module' => 
  array (
    0 => 'index',
    1 => 'Search',
    2 => 'index',
  ),
  'convert' => false,
)
[ info ] [ HEADER ] array (
  'cookie' => 'PHPSESSID=j00tg7aniku21rovi7vg016st7',
  'accept-language' => 'zh-CN,zh;q=0.8,en;q=0.6',
  'accept-encoding' => 'gzip, deflate',
  'referer' => 'http://think.com/lis/111',
  'accept' => 'text/html,application/xhtml+xml,application/xml;q=0.9,image/webp,image/apng,*/*;q=0.8',
  'user-agent' => 'Mozilla/5.0 (Windows NT 10.0; WOW64) AppleWebKit/537.36 (KHTML, like Gecko) Chrome/61.0.3163.100 Safari/537.36',
  'upgrade-insecure-requests' => '1',
  'connection' => 'close',
  'host' => 'think.com',
)
[ info ] [ PARAM ] array (
  'words' => '222',
)
[ info ] [ RUN ] app\index\controller\Search->index[ F:\www\thinkphp\application\index\controller\Search.php ]
[ info ] [ DB ] INIT mysql
[ info ] [ VIEW ] F:\www\thinkphp\public/../application/index\view\search\index.php [ array (
  0 => 'searchGoods',
  1 => 'category',
) ]
[ info ] [ SESSION ] INIT array (
  'id' => '',
  'var_session_id' => '',
  'prefix' => 'think',
  'type' => '',
  'auto_start' => true,
)
[ info ] [ LOG ] INIT File
[ sql ] [ DB ] CONNECT:[ UseTime:0.007025s ] mysql:host=127.0.0.1;dbname=shop;charset=utf8
[ sql ] [ SQL ] SHOW COLUMNS FROM `category` [ RunTime:0.097368s ]
[ sql ] [ SQL ] SELECT * FROM `category` WHERE  `pid` = 0  AND `id` > 1 [ RunTime:0.002330s ]
[ sql ] [ SQL ] SHOW COLUMNS FROM `goods` [ RunTime:0.067023s ]
[ sql ] [ SQL ] SELECT * FROM `goods` WHERE  `name` LIKE '%222%' [ RunTime:0.002619s ]
---------------------------------------------------------------
[ 2017-10-13T22:53:03+08:00 ] 127.0.0.1 127.0.0.1 GET /static/home/yanxuan.nosdn.127.nethxm/yanxuan-component/p/20170601/js/dist/yxComponent.all.min.css-v=1505963072142.css
[ info ] think.com/static/home/yanxuan.nosdn.127.nethxm/yanxuan-component/p/20170601/js/dist/yxComponent.all.min.css-v=1505963072142.css [运行时间：0.076764s][吞吐率：13.03req/s] [内存消耗：1,253.02kb] [文件加载：41]
[ info ] [ LANG ] F:\www\thinkphp\thinkphp\lang\zh-cn.php
[ info ] [ ROUTE ] array (
  'type' => 'module',
  'module' => 
  array (
    0 => 'static',
    1 => 'home',
    2 => 'yanxuan.nosdn.127.nethxm',
  ),
)
[ info ] [ HEADER ] array (
  'cookie' => 'PHPSESSID=j00tg7aniku21rovi7vg016st7',
  'accept-language' => 'zh-CN,zh;q=0.8,en;q=0.6',
  'accept-encoding' => 'gzip, deflate',
  'referer' => 'http://think.com/lis/222',
  'accept' => 'text/css,*/*;q=0.1',
  'user-agent' => 'Mozilla/5.0 (Windows NT 10.0; WOW64) AppleWebKit/537.36 (KHTML, like Gecko) Chrome/61.0.3163.100 Safari/537.36',
  'connection' => 'close',
  'host' => 'think.com',
)
[ info ] [ PARAM ] array (
  'component' => 'p',
  0 => 'js',
  'dist' => 'yxComponent.all.min.css-v=1505963072142.css',
)
[ info ] [ LOG ] INIT File
---------------------------------------------------------------
[ 2017-10-13T22:53:03+08:00 ] 127.0.0.1 127.0.0.1 GET /static/home/css/toPay-f530269a25.page.css
[ info ] think.com/static/home/css/toPay-f530269a25.page.css [运行时间：0.073490s][吞吐率：13.61req/s] [内存消耗：1,251.91kb] [文件加载：41]
[ info ] [ LANG ] F:\www\thinkphp\thinkphp\lang\zh-cn.php
[ info ] [ ROUTE ] array (
  'type' => 'module',
  'module' => 
  array (
    0 => 'static',
    1 => 'home',
    2 => 'css',
  ),
)
[ info ] [ HEADER ] array (
  'cookie' => 'PHPSESSID=j00tg7aniku21rovi7vg016st7',
  'accept-language' => 'zh-CN,zh;q=0.8,en;q=0.6',
  'accept-encoding' => 'gzip, deflate',
  'referer' => 'http://think.com/lis/222',
  'accept' => 'text/css,*/*;q=0.1',
  'user-agent' => 'Mozilla/5.0 (Windows NT 10.0; WOW64) AppleWebKit/537.36 (KHTML, like Gecko) Chrome/61.0.3163.100 Safari/537.36',
  'connection' => 'close',
  'host' => 'think.com',
)
[ info ] [ PARAM ] array (
)
[ info ] [ LOG ] INIT File
---------------------------------------------------------------
[ 2017-10-13T22:53:04+08:00 ] 127.0.0.1 127.0.0.1 GET /static/home/css/toPay-f530269a25.page.css
[ info ] think.com/static/home/css/toPay-f530269a25.page.css [运行时间：0.067273s][吞吐率：14.86req/s] [内存消耗：1,251.91kb] [文件加载：41]
[ info ] [ LANG ] F:\www\thinkphp\thinkphp\lang\zh-cn.php
[ info ] [ ROUTE ] array (
  'type' => 'module',
  'module' => 
  array (
    0 => 'static',
    1 => 'home',
    2 => 'css',
  ),
)
[ info ] [ HEADER ] array (
  'cookie' => 'PHPSESSID=j00tg7aniku21rovi7vg016st7',
  'accept-language' => 'zh-CN,zh;q=0.8,en;q=0.6',
  'accept-encoding' => 'gzip, deflate',
  'referer' => 'http://think.com/lis/222',
  'accept' => 'text/css,*/*;q=0.1',
  'user-agent' => 'Mozilla/5.0 (Windows NT 10.0; WOW64) AppleWebKit/537.36 (KHTML, like Gecko) Chrome/61.0.3163.100 Safari/537.36',
  'connection' => 'close',
  'host' => 'think.com',
)
[ info ] [ PARAM ] array (
)
[ info ] [ LOG ] INIT File
---------------------------------------------------------------
[ 2017-10-13T22:53:04+08:00 ] 127.0.0.1 127.0.0.1 GET /static/home/js/theme/default/layer.css?v=3.1.0
[ info ] think.com/static/home/js/theme/default/layer.css?v=3.1.0 [运行时间：0.092629s][吞吐率：10.80req/s] [内存消耗：1,252.66kb] [文件加载：41]
[ info ] [ LANG ] F:\www\thinkphp\thinkphp\lang\zh-cn.php
[ info ] [ ROUTE ] array (
  'type' => 'module',
  'module' => 
  array (
    0 => 'static',
    1 => 'home',
    2 => 'js',
  ),
)
[ info ] [ HEADER ] array (
  'cookie' => 'PHPSESSID=j00tg7aniku21rovi7vg016st7',
  'accept-language' => 'zh-CN,zh;q=0.8,en;q=0.6',
  'accept-encoding' => 'gzip, deflate',
  'referer' => 'http://think.com/lis/222',
  'accept' => 'text/css,*/*;q=0.1',
  'user-agent' => 'Mozilla/5.0 (Windows NT 10.0; WOW64) AppleWebKit/537.36 (KHTML, like Gecko) Chrome/61.0.3163.100 Safari/537.36',
  'connection' => 'close',
  'host' => 'think.com',
)
[ info ] [ PARAM ] array (
  'v' => '3.1.0',
  'theme' => 'default',
)
[ info ] [ LOG ] INIT File
---------------------------------------------------------------
[ 2017-10-13T22:53:04+08:00 ] 127.0.0.1 127.0.0.1 GET /static/home/css/toPay-7cbe21654f.css
[ info ] think.com/static/home/css/toPay-7cbe21654f.css [运行时间：0.077115s][吞吐率：12.97req/s] [内存消耗：1,251.90kb] [文件加载：41]
[ info ] [ LANG ] F:\www\thinkphp\thinkphp\lang\zh-cn.php
[ info ] [ ROUTE ] array (
  'type' => 'module',
  'module' => 
  array (
    0 => 'static',
    1 => 'home',
    2 => 'css',
  ),
)
[ info ] [ HEADER ] array (
  'cookie' => 'PHPSESSID=j00tg7aniku21rovi7vg016st7',
  'accept-language' => 'zh-CN,zh;q=0.8,en;q=0.6',
  'accept-encoding' => 'gzip, deflate',
  'referer' => 'http://think.com/lis/222',
  'accept' => 'text/css,*/*;q=0.1',
  'user-agent' => 'Mozilla/5.0 (Windows NT 10.0; WOW64) AppleWebKit/537.36 (KHTML, like Gecko) Chrome/61.0.3163.100 Safari/537.36',
  'connection' => 'close',
  'host' => 'think.com',
)
[ info ] [ PARAM ] array (
)
[ info ] [ LOG ] INIT File
---------------------------------------------------------------
[ 2017-10-13T22:53:21+08:00 ] 127.0.0.1 127.0.0.1 GET /lists/2
[ info ] think.com/lists/2 [运行时间：0.500710s][吞吐率：2.00req/s] [内存消耗：2,414.09kb] [文件加载：56]
[ info ] [ LANG ] F:\www\thinkphp\thinkphp\lang\zh-cn.php
[ info ] [ ROUTE ] array (
  'type' => 'module',
  'module' => 
  array (
    0 => 'index',
    1 => 'Index',
    2 => 'lists',
  ),
  'convert' => false,
)
[ info ] [ HEADER ] array (
  'cookie' => 'PHPSESSID=j00tg7aniku21rovi7vg016st7',
  'accept-language' => 'zh-CN,zh;q=0.8,en;q=0.6',
  'accept-encoding' => 'gzip, deflate',
  'referer' => 'http://think.com/lis/222',
  'accept' => 'text/html,application/xhtml+xml,application/xml;q=0.9,image/webp,image/apng,*/*;q=0.8',
  'user-agent' => 'Mozilla/5.0 (Windows NT 10.0; WOW64) AppleWebKit/537.36 (KHTML, like Gecko) Chrome/61.0.3163.100 Safari/537.36',
  'upgrade-insecure-requests' => '1',
  'connection' => 'close',
  'host' => 'think.com',
)
[ info ] [ PARAM ] array (
  'id' => '2',
)
[ info ] [ RUN ] app\index\controller\Index->lists[ F:\www\thinkphp\application\index\controller\Index.php ]
[ info ] [ DB ] INIT mysql
[ info ] [ VIEW ] F:\www\thinkphp\public/../application/index\view\index\lists.php [ array (
  0 => 'category',
  1 => 'name',
  2 => 'goodsInfo',
) ]
[ info ] [ SESSION ] INIT array (
  'id' => '',
  'var_session_id' => '',
  'prefix' => 'think',
  'type' => '',
  'auto_start' => true,
)
[ info ] [ LOG ] INIT File
[ sql ] [ DB ] CONNECT:[ UseTime:0.013383s ] mysql:host=127.0.0.1;dbname=shop;charset=utf8
[ sql ] [ SQL ] SHOW COLUMNS FROM `category` [ RunTime:0.055412s ]
[ sql ] [ SQL ] SELECT * FROM `category` WHERE  `pid` = 0  AND `id` > 1 [ RunTime:0.019471s ]
[ sql ] [ SQL ] SELECT * FROM `category` WHERE  `id` = 2 LIMIT 1 [ RunTime:0.001453s ]
[ sql ] [ SQL ] SHOW COLUMNS FROM `goods` [ RunTime:0.071511s ]
[ sql ] [ SQL ] SELECT * FROM `goods` WHERE  `category_id` = 2 [ RunTime:0.003122s ]
---------------------------------------------------------------
[ 2017-10-13T22:53:21+08:00 ] 127.0.0.1 127.0.0.1 GET /static/home/yanxuan.nosdn.127.nethxm/yanxuan-component/p/20170601/js/dist/yxComponent.all.min.css-v=1505963072142.css
[ info ] think.com/static/home/yanxuan.nosdn.127.nethxm/yanxuan-component/p/20170601/js/dist/yxComponent.all.min.css-v=1505963072142.css [运行时间：0.077598s][吞吐率：12.89req/s] [内存消耗：1,253.02kb] [文件加载：41]
[ info ] [ LANG ] F:\www\thinkphp\thinkphp\lang\zh-cn.php
[ info ] [ ROUTE ] array (
  'type' => 'module',
  'module' => 
  array (
    0 => 'static',
    1 => 'home',
    2 => 'yanxuan.nosdn.127.nethxm',
  ),
)
[ info ] [ HEADER ] array (
  'cookie' => 'PHPSESSID=j00tg7aniku21rovi7vg016st7',
  'accept-language' => 'zh-CN,zh;q=0.8,en;q=0.6',
  'accept-encoding' => 'gzip, deflate',
  'referer' => 'http://think.com/lists/2',
  'accept' => 'text/css,*/*;q=0.1',
  'user-agent' => 'Mozilla/5.0 (Windows NT 10.0; WOW64) AppleWebKit/537.36 (KHTML, like Gecko) Chrome/61.0.3163.100 Safari/537.36',
  'connection' => 'close',
  'host' => 'think.com',
)
[ info ] [ PARAM ] array (
  'component' => 'p',
  0 => 'js',
  'dist' => 'yxComponent.all.min.css-v=1505963072142.css',
)
[ info ] [ LOG ] INIT File
---------------------------------------------------------------
[ 2017-10-13T22:53:21+08:00 ] 127.0.0.1 127.0.0.1 GET /static/home/css/toPay-f530269a25.page.css
[ info ] think.com/static/home/css/toPay-f530269a25.page.css [运行时间：0.077425s][吞吐率：12.92req/s] [内存消耗：1,251.91kb] [文件加载：41]
[ info ] [ LANG ] F:\www\thinkphp\thinkphp\lang\zh-cn.php
[ info ] [ ROUTE ] array (
  'type' => 'module',
  'module' => 
  array (
    0 => 'static',
    1 => 'home',
    2 => 'css',
  ),
)
[ info ] [ HEADER ] array (
  'cookie' => 'PHPSESSID=j00tg7aniku21rovi7vg016st7',
  'accept-language' => 'zh-CN,zh;q=0.8,en;q=0.6',
  'accept-encoding' => 'gzip, deflate',
  'referer' => 'http://think.com/lists/2',
  'accept' => 'text/css,*/*;q=0.1',
  'user-agent' => 'Mozilla/5.0 (Windows NT 10.0; WOW64) AppleWebKit/537.36 (KHTML, like Gecko) Chrome/61.0.3163.100 Safari/537.36',
  'connection' => 'close',
  'host' => 'think.com',
)
[ info ] [ PARAM ] array (
)
[ info ] [ LOG ] INIT File
---------------------------------------------------------------
[ 2017-10-13T22:53:22+08:00 ] 127.0.0.1 127.0.0.1 GET /static/home/js/theme/default/layer.css?v=3.1.0
[ info ] think.com/static/home/js/theme/default/layer.css?v=3.1.0 [运行时间：0.066415s][吞吐率：15.06req/s] [内存消耗：1,252.66kb] [文件加载：41]
[ info ] [ LANG ] F:\www\thinkphp\thinkphp\lang\zh-cn.php
[ info ] [ ROUTE ] array (
  'type' => 'module',
  'module' => 
  array (
    0 => 'static',
    1 => 'home',
    2 => 'js',
  ),
)
[ info ] [ HEADER ] array (
  'cookie' => 'PHPSESSID=j00tg7aniku21rovi7vg016st7',
  'accept-language' => 'zh-CN,zh;q=0.8,en;q=0.6',
  'accept-encoding' => 'gzip, deflate',
  'referer' => 'http://think.com/lists/2',
  'accept' => 'text/css,*/*;q=0.1',
  'user-agent' => 'Mozilla/5.0 (Windows NT 10.0; WOW64) AppleWebKit/537.36 (KHTML, like Gecko) Chrome/61.0.3163.100 Safari/537.36',
  'connection' => 'close',
  'host' => 'think.com',
)
[ info ] [ PARAM ] array (
  'v' => '3.1.0',
  'theme' => 'default',
)
[ info ] [ LOG ] INIT File
---------------------------------------------------------------
[ 2017-10-13T22:53:22+08:00 ] 127.0.0.1 127.0.0.1 GET /static/home/css/toPay-f530269a25.page.css
[ info ] think.com/static/home/css/toPay-f530269a25.page.css [运行时间：0.063421s][吞吐率：15.77req/s] [内存消耗：1,251.91kb] [文件加载：41]
[ info ] [ LANG ] F:\www\thinkphp\thinkphp\lang\zh-cn.php
[ info ] [ ROUTE ] array (
  'type' => 'module',
  'module' => 
  array (
    0 => 'static',
    1 => 'home',
    2 => 'css',
  ),
)
[ info ] [ HEADER ] array (
  'cookie' => 'PHPSESSID=j00tg7aniku21rovi7vg016st7',
  'accept-language' => 'zh-CN,zh;q=0.8,en;q=0.6',
  'accept-encoding' => 'gzip, deflate',
  'referer' => 'http://think.com/lists/2',
  'accept' => 'text/css,*/*;q=0.1',
  'user-agent' => 'Mozilla/5.0 (Windows NT 10.0; WOW64) AppleWebKit/537.36 (KHTML, like Gecko) Chrome/61.0.3163.100 Safari/537.36',
  'connection' => 'close',
  'host' => 'think.com',
)
[ info ] [ PARAM ] array (
)
[ info ] [ LOG ] INIT File
---------------------------------------------------------------
[ 2017-10-13T22:53:22+08:00 ] 127.0.0.1 127.0.0.1 GET /static/home/css/toPay-7cbe21654f.css
[ info ] think.com/static/home/css/toPay-7cbe21654f.css [运行时间：0.089411s][吞吐率：11.18req/s] [内存消耗：1,251.90kb] [文件加载：41]
[ info ] [ LANG ] F:\www\thinkphp\thinkphp\lang\zh-cn.php
[ info ] [ ROUTE ] array (
  'type' => 'module',
  'module' => 
  array (
    0 => 'static',
    1 => 'home',
    2 => 'css',
  ),
)
[ info ] [ HEADER ] array (
  'cookie' => 'PHPSESSID=j00tg7aniku21rovi7vg016st7',
  'accept-language' => 'zh-CN,zh;q=0.8,en;q=0.6',
  'accept-encoding' => 'gzip, deflate',
  'referer' => 'http://think.com/lists/2',
  'accept' => 'text/css,*/*;q=0.1',
  'user-agent' => 'Mozilla/5.0 (Windows NT 10.0; WOW64) AppleWebKit/537.36 (KHTML, like Gecko) Chrome/61.0.3163.100 Safari/537.36',
  'connection' => 'close',
  'host' => 'think.com',
)
[ info ] [ PARAM ] array (
)
[ info ] [ LOG ] INIT File
---------------------------------------------------------------
[ 2017-10-13T22:53:22+08:00 ] 127.0.0.1 127.0.0.1 GET /static/home/yanxuan.nosdn.127.net/1769a954d4d5c7a6b25da57f15fc5a1d.png
[ info ] think.com/static/home/yanxuan.nosdn.127.net/1769a954d4d5c7a6b25da57f15fc5a1d.png [运行时间：0.071757s][吞吐率：13.94req/s] [内存消耗：1,252.49kb] [文件加载：41]
[ info ] [ LANG ] F:\www\thinkphp\thinkphp\lang\zh-cn.php
[ info ] [ ROUTE ] array (
  'type' => 'module',
  'module' => 
  array (
    0 => 'static',
    1 => 'home',
    2 => 'yanxuan.nosdn.127.net',
  ),
)
[ info ] [ HEADER ] array (
  'cookie' => 'PHPSESSID=j00tg7aniku21rovi7vg016st7',
  'accept-language' => 'zh-CN,zh;q=0.8,en;q=0.6',
  'accept-encoding' => 'gzip, deflate',
  'referer' => 'http://think.com/static/home/mimg.127.net/hxm/yanxuan-web/p/20150730/style/css/style-12909ab9ae.css',
  'accept' => 'image/webp,image/apng,image/*,*/*;q=0.8',
  'user-agent' => 'Mozilla/5.0 (Windows NT 10.0; WOW64) AppleWebKit/537.36 (KHTML, like Gecko) Chrome/61.0.3163.100 Safari/537.36',
  'connection' => 'close',
  'host' => 'think.com',
)
[ info ] [ PARAM ] array (
)
[ info ] [ LOG ] INIT File
---------------------------------------------------------------
[ 2017-10-13T22:53:37+08:00 ] 127.0.0.1 127.0.0.1 GET /lis/12
[ info ] think.com/lis/12 [运行时间：0.331551s][吞吐率：3.02req/s] [内存消耗：1,999.79kb] [文件加载：52]
[ info ] [ LANG ] F:\www\thinkphp\thinkphp\lang\zh-cn.php
[ info ] [ ROUTE ] array (
  'type' => 'module',
  'module' => 
  array (
    0 => 'index',
    1 => 'Search',
    2 => 'index',
  ),
  'convert' => false,
)
[ info ] [ HEADER ] array (
  'cookie' => 'PHPSESSID=j00tg7aniku21rovi7vg016st7',
  'accept-language' => 'zh-CN,zh;q=0.8,en;q=0.6',
  'accept-encoding' => 'gzip, deflate',
  'referer' => 'http://think.com/lists/2',
  'accept' => 'text/html,application/xhtml+xml,application/xml;q=0.9,image/webp,image/apng,*/*;q=0.8',
  'user-agent' => 'Mozilla/5.0 (Windows NT 10.0; WOW64) AppleWebKit/537.36 (KHTML, like Gecko) Chrome/61.0.3163.100 Safari/537.36',
  'upgrade-insecure-requests' => '1',
  'connection' => 'close',
  'host' => 'think.com',
)
[ info ] [ PARAM ] array (
  'words' => '12',
)
[ info ] [ RUN ] app\index\controller\Search->index[ F:\www\thinkphp\application\index\controller\Search.php ]
[ info ] [ DB ] INIT mysql
[ info ] [ VIEW ] F:\www\thinkphp\public/../application/index\view\search\index.php [ array (
  0 => 'searchGoods',
  1 => 'category',
) ]
[ info ] [ SESSION ] INIT array (
  'id' => '',
  'var_session_id' => '',
  'prefix' => 'think',
  'type' => '',
  'auto_start' => true,
)
[ info ] [ LOG ] INIT File
[ sql ] [ DB ] CONNECT:[ UseTime:0.006840s ] mysql:host=127.0.0.1;dbname=shop;charset=utf8
[ sql ] [ SQL ] SHOW COLUMNS FROM `category` [ RunTime:0.145002s ]
[ sql ] [ SQL ] SELECT * FROM `category` WHERE  `pid` = 0  AND `id` > 1 [ RunTime:0.002579s ]
[ sql ] [ SQL ] SHOW COLUMNS FROM `goods` [ RunTime:0.068525s ]
[ sql ] [ SQL ] SELECT * FROM `goods` WHERE  `name` LIKE '%12%' [ RunTime:0.002855s ]
---------------------------------------------------------------
[ 2017-10-13T22:53:38+08:00 ] 127.0.0.1 127.0.0.1 GET /static/home/yanxuan.nosdn.127.nethxm/yanxuan-component/p/20170601/js/dist/yxComponent.all.min.css-v=1505963072142.css
[ info ] think.com/static/home/yanxuan.nosdn.127.nethxm/yanxuan-component/p/20170601/js/dist/yxComponent.all.min.css-v=1505963072142.css [运行时间：0.078369s][吞吐率：12.76req/s] [内存消耗：1,253.01kb] [文件加载：41]
[ info ] [ LANG ] F:\www\thinkphp\thinkphp\lang\zh-cn.php
[ info ] [ ROUTE ] array (
  'type' => 'module',
  'module' => 
  array (
    0 => 'static',
    1 => 'home',
    2 => 'yanxuan.nosdn.127.nethxm',
  ),
)
[ info ] [ HEADER ] array (
  'cookie' => 'PHPSESSID=j00tg7aniku21rovi7vg016st7',
  'accept-language' => 'zh-CN,zh;q=0.8,en;q=0.6',
  'accept-encoding' => 'gzip, deflate',
  'referer' => 'http://think.com/lis/12',
  'accept' => 'text/css,*/*;q=0.1',
  'user-agent' => 'Mozilla/5.0 (Windows NT 10.0; WOW64) AppleWebKit/537.36 (KHTML, like Gecko) Chrome/61.0.3163.100 Safari/537.36',
  'connection' => 'close',
  'host' => 'think.com',
)
[ info ] [ PARAM ] array (
  'component' => 'p',
  0 => 'js',
  'dist' => 'yxComponent.all.min.css-v=1505963072142.css',
)
[ info ] [ LOG ] INIT File
---------------------------------------------------------------
[ 2017-10-13T22:53:38+08:00 ] 127.0.0.1 127.0.0.1 GET /static/home/css/toPay-f530269a25.page.css
[ info ] think.com/static/home/css/toPay-f530269a25.page.css [运行时间：0.093452s][吞吐率：10.70req/s] [内存消耗：1,251.91kb] [文件加载：41]
[ info ] [ LANG ] F:\www\thinkphp\thinkphp\lang\zh-cn.php
[ info ] [ ROUTE ] array (
  'type' => 'module',
  'module' => 
  array (
    0 => 'static',
    1 => 'home',
    2 => 'css',
  ),
)
[ info ] [ HEADER ] array (
  'cookie' => 'PHPSESSID=j00tg7aniku21rovi7vg016st7',
  'accept-language' => 'zh-CN,zh;q=0.8,en;q=0.6',
  'accept-encoding' => 'gzip, deflate',
  'referer' => 'http://think.com/lis/12',
  'accept' => 'text/css,*/*;q=0.1',
  'user-agent' => 'Mozilla/5.0 (Windows NT 10.0; WOW64) AppleWebKit/537.36 (KHTML, like Gecko) Chrome/61.0.3163.100 Safari/537.36',
  'connection' => 'close',
  'host' => 'think.com',
)
[ info ] [ PARAM ] array (
)
[ info ] [ LOG ] INIT File
---------------------------------------------------------------
[ 2017-10-13T22:53:38+08:00 ] 127.0.0.1 127.0.0.1 GET /static/home/js/theme/default/layer.css?v=3.1.0
[ info ] think.com/static/home/js/theme/default/layer.css?v=3.1.0 [运行时间：0.073232s][吞吐率：13.66req/s] [内存消耗：1,252.65kb] [文件加载：41]
[ info ] [ LANG ] F:\www\thinkphp\thinkphp\lang\zh-cn.php
[ info ] [ ROUTE ] array (
  'type' => 'module',
  'module' => 
  array (
    0 => 'static',
    1 => 'home',
    2 => 'js',
  ),
)
[ info ] [ HEADER ] array (
  'cookie' => 'PHPSESSID=j00tg7aniku21rovi7vg016st7',
  'accept-language' => 'zh-CN,zh;q=0.8,en;q=0.6',
  'accept-encoding' => 'gzip, deflate',
  'referer' => 'http://think.com/lis/12',
  'accept' => 'text/css,*/*;q=0.1',
  'user-agent' => 'Mozilla/5.0 (Windows NT 10.0; WOW64) AppleWebKit/537.36 (KHTML, like Gecko) Chrome/61.0.3163.100 Safari/537.36',
  'connection' => 'close',
  'host' => 'think.com',
)
[ info ] [ PARAM ] array (
  'v' => '3.1.0',
  'theme' => 'default',
)
[ info ] [ LOG ] INIT File
---------------------------------------------------------------
[ 2017-10-13T22:53:38+08:00 ] 127.0.0.1 127.0.0.1 GET /static/home/css/toPay-f530269a25.page.css
[ info ] think.com/static/home/css/toPay-f530269a25.page.css [运行时间：0.084362s][吞吐率：11.85req/s] [内存消耗：1,251.91kb] [文件加载：41]
[ info ] [ LANG ] F:\www\thinkphp\thinkphp\lang\zh-cn.php
[ info ] [ ROUTE ] array (
  'type' => 'module',
  'module' => 
  array (
    0 => 'static',
    1 => 'home',
    2 => 'css',
  ),
)
[ info ] [ HEADER ] array (
  'cookie' => 'PHPSESSID=j00tg7aniku21rovi7vg016st7',
  'accept-language' => 'zh-CN,zh;q=0.8,en;q=0.6',
  'accept-encoding' => 'gzip, deflate',
  'referer' => 'http://think.com/lis/12',
  'accept' => 'text/css,*/*;q=0.1',
  'user-agent' => 'Mozilla/5.0 (Windows NT 10.0; WOW64) AppleWebKit/537.36 (KHTML, like Gecko) Chrome/61.0.3163.100 Safari/537.36',
  'connection' => 'close',
  'host' => 'think.com',
)
[ info ] [ PARAM ] array (
)
[ info ] [ LOG ] INIT File
---------------------------------------------------------------
[ 2017-10-13T22:53:39+08:00 ] 127.0.0.1 127.0.0.1 GET /static/home/css/toPay-7cbe21654f.css
[ info ] think.com/static/home/css/toPay-7cbe21654f.css [运行时间：0.066483s][吞吐率：15.04req/s] [内存消耗：1,251.89kb] [文件加载：41]
[ info ] [ LANG ] F:\www\thinkphp\thinkphp\lang\zh-cn.php
[ info ] [ ROUTE ] array (
  'type' => 'module',
  'module' => 
  array (
    0 => 'static',
    1 => 'home',
    2 => 'css',
  ),
)
[ info ] [ HEADER ] array (
  'cookie' => 'PHPSESSID=j00tg7aniku21rovi7vg016st7',
  'accept-language' => 'zh-CN,zh;q=0.8,en;q=0.6',
  'accept-encoding' => 'gzip, deflate',
  'referer' => 'http://think.com/lis/12',
  'accept' => 'text/css,*/*;q=0.1',
  'user-agent' => 'Mozilla/5.0 (Windows NT 10.0; WOW64) AppleWebKit/537.36 (KHTML, like Gecko) Chrome/61.0.3163.100 Safari/537.36',
  'connection' => 'close',
  'host' => 'think.com',
)
[ info ] [ PARAM ] array (
)
[ info ] [ LOG ] INIT File
---------------------------------------------------------------
[ 2017-10-13T22:53:39+08:00 ] 127.0.0.1 127.0.0.1 GET /static/home/yanxuan.nosdn.127.net/1769a954d4d5c7a6b25da57f15fc5a1d.png
[ info ] think.com/static/home/yanxuan.nosdn.127.net/1769a954d4d5c7a6b25da57f15fc5a1d.png [运行时间：0.077882s][吞吐率：12.84req/s] [内存消耗：1,252.49kb] [文件加载：41]
[ info ] [ LANG ] F:\www\thinkphp\thinkphp\lang\zh-cn.php
[ info ] [ ROUTE ] array (
  'type' => 'module',
  'module' => 
  array (
    0 => 'static',
    1 => 'home',
    2 => 'yanxuan.nosdn.127.net',
  ),
)
[ info ] [ HEADER ] array (
  'cookie' => 'PHPSESSID=j00tg7aniku21rovi7vg016st7',
  'accept-language' => 'zh-CN,zh;q=0.8,en;q=0.6',
  'accept-encoding' => 'gzip, deflate',
  'referer' => 'http://think.com/static/home/mimg.127.net/hxm/yanxuan-web/p/20150730/style/css/style-12909ab9ae.css',
  'accept' => 'image/webp,image/apng,image/*,*/*;q=0.8',
  'user-agent' => 'Mozilla/5.0 (Windows NT 10.0; WOW64) AppleWebKit/537.36 (KHTML, like Gecko) Chrome/61.0.3163.100 Safari/537.36',
  'connection' => 'close',
  'host' => 'think.com',
)
[ info ] [ PARAM ] array (
)
[ info ] [ LOG ] INIT File
---------------------------------------------------------------
[ 2017-10-13T22:53:47+08:00 ] 127.0.0.1 127.0.0.1 GET /lis/16
[ info ] think.com/lis/16 [运行时间：0.208666s][吞吐率：4.79req/s] [内存消耗：1,997.43kb] [文件加载：52]
[ info ] [ LANG ] F:\www\thinkphp\thinkphp\lang\zh-cn.php
[ info ] [ ROUTE ] array (
  'type' => 'module',
  'module' => 
  array (
    0 => 'index',
    1 => 'Search',
    2 => 'index',
  ),
  'convert' => false,
)
[ info ] [ HEADER ] array (
  'cookie' => 'PHPSESSID=j00tg7aniku21rovi7vg016st7',
  'accept-language' => 'zh-CN,zh;q=0.8,en;q=0.6',
  'accept-encoding' => 'gzip, deflate',
  'referer' => 'http://think.com/lis/12',
  'accept' => 'text/html,application/xhtml+xml,application/xml;q=0.9,image/webp,image/apng,*/*;q=0.8',
  'user-agent' => 'Mozilla/5.0 (Windows NT 10.0; WOW64) AppleWebKit/537.36 (KHTML, like Gecko) Chrome/61.0.3163.100 Safari/537.36',
  'upgrade-insecure-requests' => '1',
  'connection' => 'close',
  'host' => 'think.com',
)
[ info ] [ PARAM ] array (
  'words' => '16',
)
[ info ] [ RUN ] app\index\controller\Search->index[ F:\www\thinkphp\application\index\controller\Search.php ]
[ info ] [ DB ] INIT mysql
[ info ] [ VIEW ] F:\www\thinkphp\public/../application/index\view\search\index.php [ array (
  0 => 'searchGoods',
  1 => 'category',
) ]
[ info ] [ SESSION ] INIT array (
  'id' => '',
  'var_session_id' => '',
  'prefix' => 'think',
  'type' => '',
  'auto_start' => true,
)
[ info ] [ LOG ] INIT File
[ sql ] [ DB ] CONNECT:[ UseTime:0.007557s ] mysql:host=127.0.0.1;dbname=shop;charset=utf8
[ sql ] [ SQL ] SHOW COLUMNS FROM `category` [ RunTime:0.048200s ]
[ sql ] [ SQL ] SELECT * FROM `category` WHERE  `pid` = 0  AND `id` > 1 [ RunTime:0.001397s ]
[ sql ] [ SQL ] SHOW COLUMNS FROM `goods` [ RunTime:0.052805s ]
[ sql ] [ SQL ] SELECT * FROM `goods` WHERE  `name` LIKE '%16%' [ RunTime:0.001528s ]
---------------------------------------------------------------
[ 2017-10-13T22:53:48+08:00 ] 127.0.0.1 127.0.0.1 GET /static/home/yanxuan.nosdn.127.nethxm/yanxuan-component/p/20170601/js/dist/yxComponent.all.min.css-v=1505963072142.css
[ info ] think.com/static/home/yanxuan.nosdn.127.nethxm/yanxuan-component/p/20170601/js/dist/yxComponent.all.min.css-v=1505963072142.css [运行时间：0.078147s][吞吐率：12.80req/s] [内存消耗：1,253.01kb] [文件加载：41]
[ info ] [ LANG ] F:\www\thinkphp\thinkphp\lang\zh-cn.php
[ info ] [ ROUTE ] array (
  'type' => 'module',
  'module' => 
  array (
    0 => 'static',
    1 => 'home',
    2 => 'yanxuan.nosdn.127.nethxm',
  ),
)
[ info ] [ HEADER ] array (
  'cookie' => 'PHPSESSID=j00tg7aniku21rovi7vg016st7',
  'accept-language' => 'zh-CN,zh;q=0.8,en;q=0.6',
  'accept-encoding' => 'gzip, deflate',
  'referer' => 'http://think.com/lis/16',
  'accept' => 'text/css,*/*;q=0.1',
  'user-agent' => 'Mozilla/5.0 (Windows NT 10.0; WOW64) AppleWebKit/537.36 (KHTML, like Gecko) Chrome/61.0.3163.100 Safari/537.36',
  'connection' => 'close',
  'host' => 'think.com',
)
[ info ] [ PARAM ] array (
  'component' => 'p',
  0 => 'js',
  'dist' => 'yxComponent.all.min.css-v=1505963072142.css',
)
[ info ] [ LOG ] INIT File
---------------------------------------------------------------
[ 2017-10-13T22:53:48+08:00 ] 127.0.0.1 127.0.0.1 GET /static/home/css/toPay-f530269a25.page.css
[ info ] think.com/static/home/css/toPay-f530269a25.page.css [运行时间：0.080170s][吞吐率：12.47req/s] [内存消耗：1,251.91kb] [文件加载：41]
[ info ] [ LANG ] F:\www\thinkphp\thinkphp\lang\zh-cn.php
[ info ] [ ROUTE ] array (
  'type' => 'module',
  'module' => 
  array (
    0 => 'static',
    1 => 'home',
    2 => 'css',
  ),
)
[ info ] [ HEADER ] array (
  'cookie' => 'PHPSESSID=j00tg7aniku21rovi7vg016st7',
  'accept-language' => 'zh-CN,zh;q=0.8,en;q=0.6',
  'accept-encoding' => 'gzip, deflate',
  'referer' => 'http://think.com/lis/16',
  'accept' => 'text/css,*/*;q=0.1',
  'user-agent' => 'Mozilla/5.0 (Windows NT 10.0; WOW64) AppleWebKit/537.36 (KHTML, like Gecko) Chrome/61.0.3163.100 Safari/537.36',
  'connection' => 'close',
  'host' => 'think.com',
)
[ info ] [ PARAM ] array (
)
[ info ] [ LOG ] INIT File
---------------------------------------------------------------
[ 2017-10-13T22:53:48+08:00 ] 127.0.0.1 127.0.0.1 GET /static/home/js/theme/default/layer.css?v=3.1.0
[ info ] think.com/static/home/js/theme/default/layer.css?v=3.1.0 [运行时间：0.071441s][吞吐率：14.00req/s] [内存消耗：1,252.65kb] [文件加载：41]
[ info ] [ LANG ] F:\www\thinkphp\thinkphp\lang\zh-cn.php
[ info ] [ ROUTE ] array (
  'type' => 'module',
  'module' => 
  array (
    0 => 'static',
    1 => 'home',
    2 => 'js',
  ),
)
[ info ] [ HEADER ] array (
  'cookie' => 'PHPSESSID=j00tg7aniku21rovi7vg016st7',
  'accept-language' => 'zh-CN,zh;q=0.8,en;q=0.6',
  'accept-encoding' => 'gzip, deflate',
  'referer' => 'http://think.com/lis/16',
  'accept' => 'text/css,*/*;q=0.1',
  'user-agent' => 'Mozilla/5.0 (Windows NT 10.0; WOW64) AppleWebKit/537.36 (KHTML, like Gecko) Chrome/61.0.3163.100 Safari/537.36',
  'connection' => 'close',
  'host' => 'think.com',
)
[ info ] [ PARAM ] array (
  'v' => '3.1.0',
  'theme' => 'default',
)
[ info ] [ LOG ] INIT File
---------------------------------------------------------------
[ 2017-10-13T22:53:48+08:00 ] 127.0.0.1 127.0.0.1 GET /static/home/css/toPay-f530269a25.page.css
[ info ] think.com/static/home/css/toPay-f530269a25.page.css [运行时间：0.073672s][吞吐率：13.57req/s] [内存消耗：1,251.91kb] [文件加载：41]
[ info ] [ LANG ] F:\www\thinkphp\thinkphp\lang\zh-cn.php
[ info ] [ ROUTE ] array (
  'type' => 'module',
  'module' => 
  array (
    0 => 'static',
    1 => 'home',
    2 => 'css',
  ),
)
[ info ] [ HEADER ] array (
  'cookie' => 'PHPSESSID=j00tg7aniku21rovi7vg016st7',
  'accept-language' => 'zh-CN,zh;q=0.8,en;q=0.6',
  'accept-encoding' => 'gzip, deflate',
  'referer' => 'http://think.com/lis/16',
  'accept' => 'text/css,*/*;q=0.1',
  'user-agent' => 'Mozilla/5.0 (Windows NT 10.0; WOW64) AppleWebKit/537.36 (KHTML, like Gecko) Chrome/61.0.3163.100 Safari/537.36',
  'connection' => 'close',
  'host' => 'think.com',
)
[ info ] [ PARAM ] array (
)
[ info ] [ LOG ] INIT File
---------------------------------------------------------------
[ 2017-10-13T22:53:49+08:00 ] 127.0.0.1 127.0.0.1 GET /static/home/css/toPay-7cbe21654f.css
[ info ] think.com/static/home/css/toPay-7cbe21654f.css [运行时间：0.065945s][吞吐率：15.16req/s] [内存消耗：1,251.89kb] [文件加载：41]
[ info ] [ LANG ] F:\www\thinkphp\thinkphp\lang\zh-cn.php
[ info ] [ ROUTE ] array (
  'type' => 'module',
  'module' => 
  array (
    0 => 'static',
    1 => 'home',
    2 => 'css',
  ),
)
[ info ] [ HEADER ] array (
  'cookie' => 'PHPSESSID=j00tg7aniku21rovi7vg016st7',
  'accept-language' => 'zh-CN,zh;q=0.8,en;q=0.6',
  'accept-encoding' => 'gzip, deflate',
  'referer' => 'http://think.com/lis/16',
  'accept' => 'text/css,*/*;q=0.1',
  'user-agent' => 'Mozilla/5.0 (Windows NT 10.0; WOW64) AppleWebKit/537.36 (KHTML, like Gecko) Chrome/61.0.3163.100 Safari/537.36',
  'connection' => 'close',
  'host' => 'think.com',
)
[ info ] [ PARAM ] array (
)
[ info ] [ LOG ] INIT File
