---------------------------------------------------------------
[ 2017-10-25T15:20:52+08:00 ] 127.0.0.1 127.0.0.1 GET /
[ info ] think.com/ [运行时间：2.356574s][吞吐率：0.42req/s] [内存消耗：2,355.59kb] [文件加载：54]
[ info ] [ LANG ] F:\www\thinkphp\thinkphp\lang\zh-cn.php
[ info ] [ ROUTE ] array (
  'type' => 'module',
  'module' => 
  array (
    0 => '',
    1 => NULL,
    2 => NULL,
  ),
)
[ info ] [ HEADER ] array (
  'cookie' => '__guid=217254355.4528401313344505300.1506243351770.6152; monitor_count=18',
  'accept-language' => 'zh-CN,zh;q=0.8',
  'accept-encoding' => 'gzip, deflate, sdch',
  'accept' => 'text/html,application/xhtml+xml,application/xml;q=0.9,image/webp,*/*;q=0.8',
  'user-agent' => 'Mozilla/5.0 (Windows NT 10.0; WOW64) AppleWebKit/537.36 (KHTML, like Gecko) Chrome/55.0.2883.87 Safari/537.36',
  'upgrade-insecure-requests' => '1',
  'connection' => 'close',
  'host' => 'think.com',
)
[ info ] [ PARAM ] array (
)
[ info ] [ RUN ] app\index\controller\Index->index[ F:\www\thinkphp\application\index\controller\Index.php ]
[ info ] [ DB ] INIT mysql
[ info ] [ VIEW ] F:\www\thinkphp\public/../application/index\view\index\index.php [ array (
  0 => 'category',
  1 => 'news',
  2 => 'commend',
  3 => 'commend1',
  4 => 'more',
) ]
[ info ] [ SESSION ] INIT array (
  'id' => '',
  'var_session_id' => '',
  'prefix' => 'think',
  'type' => '',
  'auto_start' => true,
)
[ info ] [ LOG ] INIT File
[ sql ] [ DB ] CONNECT:[ UseTime:0.068800s ] mysql:host=127.0.0.1;dbname=shop;charset=utf8
[ sql ] [ SQL ] SHOW COLUMNS FROM `category` [ RunTime:0.225746s ]
[ sql ] [ SQL ] SELECT * FROM `category` WHERE  `pid` = 0  AND `id` > 1 [ RunTime:0.136358s ]
[ sql ] [ SQL ] SHOW COLUMNS FROM `goods` [ RunTime:0.087772s ]
[ sql ] [ SQL ] SELECT * FROM `goods` WHERE  `isnew` = 1 LIMIT 4 [ RunTime:0.055031s ]
[ sql ] [ SQL ] SELECT * FROM `goods` WHERE  `iscommend` = 1 LIMIT 4 [ RunTime:0.002249s ]
[ sql ] [ SQL ] SELECT * FROM `goods` WHERE  `iscommend` = 1 ORDER BY id desc LIMIT 3 [ RunTime:0.002183s ]
[ sql ] [ SQL ] SELECT * FROM `goods` ORDER BY create_time desc LIMIT 12 [ RunTime:0.002321s ]
---------------------------------------------------------------
[ 2017-10-25T15:20:53+08:00 ] 127.0.0.1 127.0.0.1 GET /static/home/yanxuan.nosdn.127.nethxm/yanxuan-component/p/20170601/js/dist/yxComponent.all.min.css-v=1505963072142.css
[ info ] think.com/static/home/yanxuan.nosdn.127.nethxm/yanxuan-component/p/20170601/js/dist/yxComponent.all.min.css-v=1505963072142.css [运行时间：0.194062s][吞吐率：5.15req/s] [内存消耗：1,253.14kb] [文件加载：41]
[ info ] [ LANG ] F:\www\thinkphp\thinkphp\lang\zh-cn.php
[ info ] [ ROUTE ] array (
  'type' => 'module',
  'module' => 
  array (
    0 => 'static',
    1 => 'home',
    2 => 'yanxuan.nosdn.127.nethxm',
  ),
)
[ info ] [ HEADER ] array (
  'cookie' => '__guid=217254355.4528401313344505300.1506243351770.6152; monitor_count=18; PHPSESSID=5cf5itord5es9mkdj6jkv43jo1',
  'accept-language' => 'zh-CN,zh;q=0.8',
  'accept-encoding' => 'gzip, deflate, sdch',
  'referer' => 'http://think.com/',
  'accept' => 'text/css,*/*;q=0.1',
  'user-agent' => 'Mozilla/5.0 (Windows NT 10.0; WOW64) AppleWebKit/537.36 (KHTML, like Gecko) Chrome/55.0.2883.87 Safari/537.36',
  'connection' => 'close',
  'host' => 'think.com',
)
[ info ] [ PARAM ] array (
  'component' => 'p',
  0 => 'js',
  'dist' => 'yxComponent.all.min.css-v=1505963072142.css',
)
[ info ] [ LOG ] INIT File
---------------------------------------------------------------
[ 2017-10-25T15:20:53+08:00 ] 127.0.0.1 127.0.0.1 GET /static/home/css/toPay-f530269a25.page.css
[ info ] think.com/static/home/css/toPay-f530269a25.page.css [运行时间：0.058822s][吞吐率：17.00req/s] [内存消耗：1,252.29kb] [文件加载：41]
[ info ] [ LANG ] F:\www\thinkphp\thinkphp\lang\zh-cn.php
[ info ] [ ROUTE ] array (
  'type' => 'module',
  'module' => 
  array (
    0 => 'static',
    1 => 'home',
    2 => 'css',
  ),
)
[ info ] [ HEADER ] array (
  'cookie' => '__guid=217254355.4528401313344505300.1506243351770.6152; PHPSESSID=5cf5itord5es9mkdj6jkv43jo1; monitor_count=19',
  'accept-language' => 'zh-CN,zh;q=0.8',
  'accept-encoding' => 'gzip, deflate, sdch',
  'referer' => 'http://think.com/',
  'accept' => 'text/css,*/*;q=0.1',
  'user-agent' => 'Mozilla/5.0 (Windows NT 10.0; WOW64) AppleWebKit/537.36 (KHTML, like Gecko) Chrome/55.0.2883.87 Safari/537.36',
  'connection' => 'close',
  'host' => 'think.com',
)
[ info ] [ PARAM ] array (
)
[ info ] [ LOG ] INIT File
---------------------------------------------------------------
[ 2017-10-25T15:20:53+08:00 ] 127.0.0.1 127.0.0.1 GET /static/home/js/theme/default/layer.css?v=3.1.0
[ info ] think.com/static/home/js/theme/default/layer.css?v=3.1.0 [运行时间：0.057630s][吞吐率：17.35req/s] [内存消耗：1,253.03kb] [文件加载：41]
[ info ] [ LANG ] F:\www\thinkphp\thinkphp\lang\zh-cn.php
[ info ] [ ROUTE ] array (
  'type' => 'module',
  'module' => 
  array (
    0 => 'static',
    1 => 'home',
    2 => 'js',
  ),
)
[ info ] [ HEADER ] array (
  'cookie' => '__guid=217254355.4528401313344505300.1506243351770.6152; PHPSESSID=5cf5itord5es9mkdj6jkv43jo1; monitor_count=19',
  'accept-language' => 'zh-CN,zh;q=0.8',
  'accept-encoding' => 'gzip, deflate, sdch',
  'referer' => 'http://think.com/',
  'accept' => 'text/css,*/*;q=0.1',
  'user-agent' => 'Mozilla/5.0 (Windows NT 10.0; WOW64) AppleWebKit/537.36 (KHTML, like Gecko) Chrome/55.0.2883.87 Safari/537.36',
  'connection' => 'close',
  'host' => 'think.com',
)
[ info ] [ PARAM ] array (
  'v' => '3.1.0',
  'theme' => 'default',
)
[ info ] [ LOG ] INIT File
---------------------------------------------------------------
[ 2017-10-25T15:20:54+08:00 ] 127.0.0.1 127.0.0.1 GET /static/home/css/toPay-7cbe21654f.css
[ info ] think.com/static/home/css/toPay-7cbe21654f.css [运行时间：0.081927s][吞吐率：12.21req/s] [内存消耗：1,252.27kb] [文件加载：41]
[ info ] [ LANG ] F:\www\thinkphp\thinkphp\lang\zh-cn.php
[ info ] [ ROUTE ] array (
  'type' => 'module',
  'module' => 
  array (
    0 => 'static',
    1 => 'home',
    2 => 'css',
  ),
)
[ info ] [ HEADER ] array (
  'cookie' => '__guid=217254355.4528401313344505300.1506243351770.6152; PHPSESSID=5cf5itord5es9mkdj6jkv43jo1; monitor_count=19',
  'accept-language' => 'zh-CN,zh;q=0.8',
  'accept-encoding' => 'gzip, deflate, sdch',
  'referer' => 'http://think.com/',
  'accept' => 'text/css,*/*;q=0.1',
  'user-agent' => 'Mozilla/5.0 (Windows NT 10.0; WOW64) AppleWebKit/537.36 (KHTML, like Gecko) Chrome/55.0.2883.87 Safari/537.36',
  'connection' => 'close',
  'host' => 'think.com',
)
[ info ] [ PARAM ] array (
)
[ info ] [ LOG ] INIT File
---------------------------------------------------------------
[ 2017-10-25T15:20:55+08:00 ] 127.0.0.1 127.0.0.1 GET /static/home/yanxuan.nosdn.127.net/1769a954d4d5c7a6b25da57f15fc5a1d.png
[ info ] think.com/static/home/yanxuan.nosdn.127.net/1769a954d4d5c7a6b25da57f15fc5a1d.png [运行时间：0.090558s][吞吐率：11.04req/s] [内存消耗：1,252.55kb] [文件加载：41]
[ info ] [ LANG ] F:\www\thinkphp\thinkphp\lang\zh-cn.php
[ info ] [ ROUTE ] array (
  'type' => 'module',
  'module' => 
  array (
    0 => 'static',
    1 => 'home',
    2 => 'yanxuan.nosdn.127.net',
  ),
)
[ info ] [ HEADER ] array (
  'cookie' => '__guid=217254355.4528401313344505300.1506243351770.6152; PHPSESSID=5cf5itord5es9mkdj6jkv43jo1; monitor_count=19',
  'accept-language' => 'zh-CN,zh;q=0.8',
  'accept-encoding' => 'gzip, deflate, sdch',
  'referer' => 'http://think.com/static/home/mimg.127.net/hxm/yanxuan-web/p/20150730/style/css/style-12909ab9ae.css',
  'accept' => 'image/webp,image/*,*/*;q=0.8',
  'user-agent' => 'Mozilla/5.0 (Windows NT 10.0; WOW64) AppleWebKit/537.36 (KHTML, like Gecko) Chrome/55.0.2883.87 Safari/537.36',
  'connection' => 'close',
  'host' => 'think.com',
)
[ info ] [ PARAM ] array (
)
[ info ] [ LOG ] INIT File
