---------------------------------------------------------------
[ 2017-10-27T17:47:32+08:00 ] 127.0.0.1 127.0.0.1 GET /
[ info ] think.com/ [运行时间：1.155589s][吞吐率：0.87req/s] [内存消耗：2,355.45kb] [文件加载：54]
[ info ] [ LANG ] F:\www\thinkphp\thinkphp\lang\zh-cn.php
[ info ] [ ROUTE ] array (
  'type' => 'module',
  'module' => 
  array (
    0 => '',
    1 => NULL,
    2 => NULL,
  ),
)
[ info ] [ HEADER ] array (
  'cookie' => '__guid=217254355.4528401313344505300.1506243351770.6152',
  'accept-language' => 'zh-CN,zh;q=0.8',
  'accept-encoding' => 'gzip, deflate, sdch',
  'accept' => 'text/html,application/xhtml+xml,application/xml;q=0.9,image/webp,*/*;q=0.8',
  'user-agent' => 'Mozilla/5.0 (Windows NT 10.0; WOW64) AppleWebKit/537.36 (KHTML, like Gecko) Chrome/55.0.2883.87 Safari/537.36',
  'upgrade-insecure-requests' => '1',
  'connection' => 'close',
  'host' => 'think.com',
)
[ info ] [ PARAM ] array (
)
[ info ] [ RUN ] app\index\controller\Index->index[ F:\www\thinkphp\application\index\controller\Index.php ]
[ info ] [ DB ] INIT mysql
[ info ] [ VIEW ] F:\www\thinkphp\public/../application/index\view\index\index.php [ array (
  0 => 'category',
  1 => 'news',
  2 => 'commend',
  3 => 'commend1',
  4 => 'more',
) ]
[ info ] [ SESSION ] INIT array (
  'id' => '',
  'var_session_id' => '',
  'prefix' => 'think',
  'type' => '',
  'auto_start' => true,
)
[ info ] [ LOG ] INIT File
[ sql ] [ DB ] CONNECT:[ UseTime:0.023165s ] mysql:host=127.0.0.1;dbname=shop;charset=utf8
[ sql ] [ SQL ] SHOW COLUMNS FROM `category` [ RunTime:0.047580s ]
[ sql ] [ SQL ] SELECT * FROM `category` WHERE  `pid` = 0  AND `id` > 1 [ RunTime:0.041688s ]
[ sql ] [ SQL ] SHOW COLUMNS FROM `goods` [ RunTime:0.077699s ]
[ sql ] [ SQL ] SELECT * FROM `goods` WHERE  `isnew` = 1 LIMIT 4 [ RunTime:0.002387s ]
[ sql ] [ SQL ] SELECT * FROM `goods` WHERE  `iscommend` = 1 LIMIT 4 [ RunTime:0.001480s ]
[ sql ] [ SQL ] SELECT * FROM `goods` WHERE  `iscommend` = 1 ORDER BY id desc LIMIT 3 [ RunTime:0.001459s ]
[ sql ] [ SQL ] SELECT * FROM `goods` ORDER BY create_time desc LIMIT 12 [ RunTime:0.040204s ]
---------------------------------------------------------------
[ 2017-10-27T17:47:33+08:00 ] 127.0.0.1 127.0.0.1 GET /static/home/yanxuan.nosdn.127.nethxm/yanxuan-component/p/20170601/js/dist/yxComponent.all.min.css-v=1505963072142.css
[ info ] think.com/static/home/yanxuan.nosdn.127.nethxm/yanxuan-component/p/20170601/js/dist/yxComponent.all.min.css-v=1505963072142.css [运行时间：0.457958s][吞吐率：2.18req/s] [内存消耗：1,253.13kb] [文件加载：41]
[ info ] [ LANG ] F:\www\thinkphp\thinkphp\lang\zh-cn.php
[ info ] [ ROUTE ] array (
  'type' => 'module',
  'module' => 
  array (
    0 => 'static',
    1 => 'home',
    2 => 'yanxuan.nosdn.127.nethxm',
  ),
)
[ info ] [ HEADER ] array (
  'cookie' => '__guid=217254355.4528401313344505300.1506243351770.6152; PHPSESSID=f03bd4174ej4uetivv3bdt3344',
  'accept-language' => 'zh-CN,zh;q=0.8',
  'accept-encoding' => 'gzip, deflate, sdch',
  'referer' => 'http://think.com/',
  'accept' => 'text/css,*/*;q=0.1',
  'user-agent' => 'Mozilla/5.0 (Windows NT 10.0; WOW64) AppleWebKit/537.36 (KHTML, like Gecko) Chrome/55.0.2883.87 Safari/537.36',
  'connection' => 'close',
  'host' => 'think.com',
)
[ info ] [ PARAM ] array (
  'component' => 'p',
  0 => 'js',
  'dist' => 'yxComponent.all.min.css-v=1505963072142.css',
)
[ info ] [ LOG ] INIT File
---------------------------------------------------------------
[ 2017-10-27T17:47:33+08:00 ] 127.0.0.1 127.0.0.1 GET /static/home/css/toPay-f530269a25.page.css
[ info ] think.com/static/home/css/toPay-f530269a25.page.css [运行时间：0.098188s][吞吐率：10.18req/s] [内存消耗：1,252.29kb] [文件加载：41]
[ info ] [ LANG ] F:\www\thinkphp\thinkphp\lang\zh-cn.php
[ info ] [ ROUTE ] array (
  'type' => 'module',
  'module' => 
  array (
    0 => 'static',
    1 => 'home',
    2 => 'css',
  ),
)
[ info ] [ HEADER ] array (
  'cookie' => '__guid=217254355.4528401313344505300.1506243351770.6152; PHPSESSID=f03bd4174ej4uetivv3bdt3344; monitor_count=1',
  'accept-language' => 'zh-CN,zh;q=0.8',
  'accept-encoding' => 'gzip, deflate, sdch',
  'referer' => 'http://think.com/',
  'accept' => 'text/css,*/*;q=0.1',
  'user-agent' => 'Mozilla/5.0 (Windows NT 10.0; WOW64) AppleWebKit/537.36 (KHTML, like Gecko) Chrome/55.0.2883.87 Safari/537.36',
  'connection' => 'close',
  'host' => 'think.com',
)
[ info ] [ PARAM ] array (
)
[ info ] [ LOG ] INIT File
---------------------------------------------------------------
[ 2017-10-27T17:47:34+08:00 ] 127.0.0.1 127.0.0.1 GET /static/home/js/theme/default/layer.css?v=3.1.0
[ info ] think.com/static/home/js/theme/default/layer.css?v=3.1.0 [运行时间：0.078658s][吞吐率：12.71req/s] [内存消耗：1,253.03kb] [文件加载：41]
[ info ] [ LANG ] F:\www\thinkphp\thinkphp\lang\zh-cn.php
[ info ] [ ROUTE ] array (
  'type' => 'module',
  'module' => 
  array (
    0 => 'static',
    1 => 'home',
    2 => 'js',
  ),
)
[ info ] [ HEADER ] array (
  'cookie' => '__guid=217254355.4528401313344505300.1506243351770.6152; PHPSESSID=f03bd4174ej4uetivv3bdt3344; monitor_count=1',
  'accept-language' => 'zh-CN,zh;q=0.8',
  'accept-encoding' => 'gzip, deflate, sdch',
  'referer' => 'http://think.com/',
  'accept' => 'text/css,*/*;q=0.1',
  'user-agent' => 'Mozilla/5.0 (Windows NT 10.0; WOW64) AppleWebKit/537.36 (KHTML, like Gecko) Chrome/55.0.2883.87 Safari/537.36',
  'connection' => 'close',
  'host' => 'think.com',
)
[ info ] [ PARAM ] array (
  'v' => '3.1.0',
  'theme' => 'default',
)
[ info ] [ LOG ] INIT File
---------------------------------------------------------------
[ 2017-10-27T17:47:34+08:00 ] 127.0.0.1 127.0.0.1 GET /static/home/css/toPay-7cbe21654f.css
[ info ] think.com/static/home/css/toPay-7cbe21654f.css [运行时间：0.080307s][吞吐率：12.45req/s] [内存消耗：1,252.27kb] [文件加载：41]
[ info ] [ LANG ] F:\www\thinkphp\thinkphp\lang\zh-cn.php
[ info ] [ ROUTE ] array (
  'type' => 'module',
  'module' => 
  array (
    0 => 'static',
    1 => 'home',
    2 => 'css',
  ),
)
[ info ] [ HEADER ] array (
  'cookie' => '__guid=217254355.4528401313344505300.1506243351770.6152; PHPSESSID=f03bd4174ej4uetivv3bdt3344; monitor_count=1',
  'accept-language' => 'zh-CN,zh;q=0.8',
  'accept-encoding' => 'gzip, deflate, sdch',
  'referer' => 'http://think.com/',
  'accept' => 'text/css,*/*;q=0.1',
  'user-agent' => 'Mozilla/5.0 (Windows NT 10.0; WOW64) AppleWebKit/537.36 (KHTML, like Gecko) Chrome/55.0.2883.87 Safari/537.36',
  'connection' => 'close',
  'host' => 'think.com',
)
[ info ] [ PARAM ] array (
)
[ info ] [ LOG ] INIT File
---------------------------------------------------------------
[ 2017-10-27T17:47:35+08:00 ] 127.0.0.1 127.0.0.1 GET /static/home/css/toPay-f530269a25.page.css
[ info ] think.com/static/home/css/toPay-f530269a25.page.css [运行时间：0.075587s][吞吐率：13.23req/s] [内存消耗：1,252.29kb] [文件加载：41]
[ info ] [ LANG ] F:\www\thinkphp\thinkphp\lang\zh-cn.php
[ info ] [ ROUTE ] array (
  'type' => 'module',
  'module' => 
  array (
    0 => 'static',
    1 => 'home',
    2 => 'css',
  ),
)
[ info ] [ HEADER ] array (
  'cookie' => '__guid=217254355.4528401313344505300.1506243351770.6152; PHPSESSID=f03bd4174ej4uetivv3bdt3344; monitor_count=1',
  'accept-language' => 'zh-CN,zh;q=0.8',
  'accept-encoding' => 'gzip, deflate, sdch',
  'referer' => 'http://think.com/',
  'accept' => 'text/css,*/*;q=0.1',
  'user-agent' => 'Mozilla/5.0 (Windows NT 10.0; WOW64) AppleWebKit/537.36 (KHTML, like Gecko) Chrome/55.0.2883.87 Safari/537.36',
  'connection' => 'close',
  'host' => 'think.com',
)
[ info ] [ PARAM ] array (
)
[ info ] [ LOG ] INIT File
---------------------------------------------------------------
[ 2017-10-27T17:47:36+08:00 ] 127.0.0.1 127.0.0.1 GET /static/home/yanxuan.nosdn.127.net/1769a954d4d5c7a6b25da57f15fc5a1d.png
[ info ] think.com/static/home/yanxuan.nosdn.127.net/1769a954d4d5c7a6b25da57f15fc5a1d.png [运行时间：0.066505s][吞吐率：15.04req/s] [内存消耗：1,252.55kb] [文件加载：41]
[ info ] [ LANG ] F:\www\thinkphp\thinkphp\lang\zh-cn.php
[ info ] [ ROUTE ] array (
  'type' => 'module',
  'module' => 
  array (
    0 => 'static',
    1 => 'home',
    2 => 'yanxuan.nosdn.127.net',
  ),
)
[ info ] [ HEADER ] array (
  'cookie' => '__guid=217254355.4528401313344505300.1506243351770.6152; PHPSESSID=f03bd4174ej4uetivv3bdt3344; monitor_count=1',
  'accept-language' => 'zh-CN,zh;q=0.8',
  'accept-encoding' => 'gzip, deflate, sdch',
  'referer' => 'http://think.com/static/home/mimg.127.net/hxm/yanxuan-web/p/20150730/style/css/style-12909ab9ae.css',
  'accept' => 'image/webp,image/*,*/*;q=0.8',
  'user-agent' => 'Mozilla/5.0 (Windows NT 10.0; WOW64) AppleWebKit/537.36 (KHTML, like Gecko) Chrome/55.0.2883.87 Safari/537.36',
  'connection' => 'close',
  'host' => 'think.com',
)
[ info ] [ PARAM ] array (
)
[ info ] [ LOG ] INIT File
---------------------------------------------------------------
[ 2017-10-27T17:47:41+08:00 ] 127.0.0.1 127.0.0.1 GET /admin/login
[ info ] think.com/admin/login [运行时间：0.124359s][吞吐率：8.04req/s] [内存消耗：1,428.91kb] [文件加载：49]
[ info ] [ LANG ] F:\www\thinkphp\thinkphp\lang\zh-cn.php
[ info ] [ ROUTE ] array (
  'type' => 'module',
  'module' => 
  array (
    0 => 'admin',
    1 => 'login',
    2 => NULL,
  ),
)
[ info ] [ HEADER ] array (
  'cookie' => '__guid=217254355.4528401313344505300.1506243351770.6152; PHPSESSID=f03bd4174ej4uetivv3bdt3344; monitor_count=1',
  'connection' => 'close',
  'host' => 'think.com',
  'accept-encoding' => 'gzip, deflate',
  'user-agent' => 'Mozilla/5.0 (Windows NT 10.0; WOW64; Trident/7.0; rv:11.0) like Gecko',
  'accept-language' => 'zh-CN',
  'accept' => 'text/html, application/xhtml+xml, image/jxr, */*',
)
[ info ] [ PARAM ] array (
)
[ info ] [ RUN ] app\admin\controller\Login->index[ F:\www\thinkphp\application\admin\controller\Login.php ]
[ info ] [ VIEW ] F:\www\thinkphp\public/../application/admin\view\login\index.php [ array (
) ]
[ info ] [ LOG ] INIT File
